2023-05-17 00:00:23.915 [info] Log level: Info
2023-05-17 00:00:23.915 [info] Validating found git in: "git"
2023-05-17 00:00:23.915 [info] Using git "2.34.1" from "git"
2023-05-17 00:00:23.915 [info] > git rev-parse --show-toplevel [169ms]
2023-05-17 00:00:23.915 [info] fatal: not a git repository (or any of the parent directories): .git
2023-05-17 00:00:23.915 [info] > git rev-parse --show-toplevel [358ms]
2023-05-17 00:00:23.915 [info] fatal: not a git repository (or any of the parent directories): .git
2023-05-17 00:00:23.915 [info] > git rev-parse --show-toplevel [1172ms]
2023-05-17 00:00:23.915 [info] fatal: not a git repository (or any of the parent directories): .git
2023-05-17 00:00:23.915 [info] > git rev-parse --show-toplevel [351ms]
2023-05-17 00:00:23.915 [info] fatal: not a git repository (or any of the parent directories): .git
2023-05-17 00:00:24.138 [info] > git rev-parse --show-toplevel [240ms]
2023-05-17 00:00:24.138 [info] fatal: not a git repository (or any of the parent directories): .git
2023-05-17 00:00:26.562 [info] > git rev-parse --show-toplevel [2330ms]
2023-05-17 00:00:26.562 [info] fatal: not a git repository (or any of the parent directories): .git
2023-05-17 00:00:26.648 [info] > git rev-parse --show-toplevel [36ms]
2023-05-17 00:00:26.648 [info] fatal: not a git repository (or any of the parent directories): .git
2023-05-17 00:00:26.837 [info] > git rev-parse --show-toplevel [154ms]
2023-05-17 00:00:26.837 [info] fatal: not a git repository (or any of the parent directories): .git
2023-05-17 00:00:26.923 [info] > git rev-parse --show-toplevel [33ms]
2023-05-17 00:00:26.923 [info] fatal: not a git repository (or any of the parent directories): .git
2023-05-17 00:00:26.992 [info] > git rev-parse --show-toplevel [33ms]
2023-05-17 00:00:26.992 [info] fatal: not a git repository (or any of the parent directories): .git
2023-05-17 00:00:27.181 [info] > git rev-parse --show-toplevel [159ms]
2023-05-17 00:00:27.181 [info] fatal: not a git repository (or any of the parent directories): .git
2023-05-17 00:00:27.495 [info] > git rev-parse --show-toplevel [247ms]
2023-05-17 00:00:27.495 [info] fatal: not a git repository (or any of the parent directories): .git
2023-05-17 00:00:45.844 [info] > git rev-parse --show-toplevel [16ms]
2023-05-17 00:00:45.844 [info] fatal: not a git repository (or any of the parent directories): .git
