0 verbose cli /home/nubiacantu/.nvm/versions/node/v18.16.0/bin/node /home/nubiacantu/.nvm/versions/node/v18.16.0/bin/npm
1 info using npm@9.5.1
2 info using node@v18.16.0
3 timing npm:load:whichnode Completed in 12ms
4 timing config:load:defaults Completed in 5ms
5 timing config:load:file:/home/nubiacantu/.nvm/versions/node/v18.16.0/lib/node_modules/npm/npmrc Completed in 4ms
6 timing config:load:builtin Completed in 14ms
7 timing config:load:cli Completed in 8ms
8 timing config:load:env Completed in 1ms
9 timing config:load:file:/home/nubiacantu/practica2/.npmrc Completed in 1ms
10 timing config:load:project Completed in 14ms
11 timing config:load:file:/home/nubiacantu/.npmrc Completed in 0ms
12 timing config:load:user Completed in 2ms
13 timing config:load:file:/home/nubiacantu/.nvm/versions/node/v18.16.0/etc/npmrc Completed in 1ms
14 timing config:load:global Completed in 1ms
15 timing config:load:setEnvs Completed in 3ms
16 timing config:load Completed in 49ms
17 timing npm:load:configload Completed in 50ms
18 timing npm:load:mkdirpcache Completed in 4ms
19 timing npm:load:mkdirplogs Completed in 1ms
20 verbose title npm install tailwindcss postcss autoprefixer
21 verbose argv "install" "--save-dev" "tailwindcss" "postcss" "autoprefixer"
22 timing npm:load:setTitle Completed in 4ms
23 timing config:load:flatten Completed in 31ms
24 timing npm:load:display Completed in 33ms
25 verbose logfile logs-max:10 dir:/home/nubiacantu/.npm/_logs/2023-05-29T13_52_32_049Z-
26 verbose logfile /home/nubiacantu/.npm/_logs/2023-05-29T13_52_32_049Z-debug-0.log
27 timing npm:load:logFile Completed in 19ms
28 timing npm:load:timers Completed in 0ms
29 timing npm:load:configScope Completed in 0ms
30 timing npm:load Completed in 125ms
31 timing arborist:ctor Completed in 2ms
32 silly logfile start cleaning logs, removing 2 files
33 silly logfile done cleaning log files
34 timing idealTree:init Completed in 592ms
35 timing idealTree:userRequests Completed in 11ms
36 silly idealTree buildDeps
37 silly fetch manifest autoprefixer@^10.4.14
38 timing arborist:ctor Completed in 0ms
39 http fetch GET 200 https://registry.npmjs.org/autoprefixer 983ms (cache revalidated)
40 silly fetch manifest postcss@^8.4.24
41 http fetch GET 200 https://registry.npmjs.org/postcss 149ms (cache revalidated)
42 silly fetch manifest tailwindcss@^3.3.2
43 http fetch GET 200 https://registry.npmjs.org/tailwindcss 142ms (cache revalidated)
44 silly placeDep ROOT autoprefixer@10.4.14 REPLACE for:  want: ^10.4.14
45 silly placeDep ROOT postcss@8.4.24 REPLACE for:  want: ^8.4.24
46 silly placeDep ROOT tailwindcss@3.3.2 REPLACE for:  want: ^3.3.2
47 timing idealTree:#root Completed in 1424ms
48 timing idealTree:node_modules/autoprefixer Completed in 0ms
49 timing idealTree:node_modules/postcss Completed in 0ms
50 timing idealTree:node_modules/tailwindcss Completed in 0ms
51 timing idealTree:buildDeps Completed in 1430ms
52 timing idealTree:fixDepFlags Completed in 3ms
53 timing idealTree Completed in 2051ms
54 timing reify:loadTrees Completed in 2054ms
55 timing reify:diffTrees Completed in 73ms
56 silly reify moves {}
57 timing reify:retireShallow Completed in 3ms
58 timing reify:createSparse Completed in 46ms
59 timing reify:loadBundles Completed in 0ms
60 silly audit bulk request {
60 silly audit   '@alloc/quick-lru': [ '5.2.0' ],
60 silly audit   '@esbuild/android-arm': [ '0.17.19' ],
60 silly audit   '@esbuild/android-arm64': [ '0.17.19' ],
60 silly audit   '@esbuild/android-x64': [ '0.17.19' ],
60 silly audit   '@esbuild/darwin-arm64': [ '0.17.19' ],
60 silly audit   '@esbuild/darwin-x64': [ '0.17.19' ],
60 silly audit   '@esbuild/freebsd-arm64': [ '0.17.19' ],
60 silly audit   '@esbuild/freebsd-x64': [ '0.17.19' ],
60 silly audit   '@esbuild/linux-arm': [ '0.17.19' ],
60 silly audit   '@esbuild/linux-arm64': [ '0.17.19' ],
60 silly audit   '@esbuild/linux-ia32': [ '0.17.19' ],
60 silly audit   '@esbuild/linux-loong64': [ '0.17.19' ],
60 silly audit   '@esbuild/linux-mips64el': [ '0.17.19' ],
60 silly audit   '@esbuild/linux-ppc64': [ '0.17.19' ],
60 silly audit   '@esbuild/linux-riscv64': [ '0.17.19' ],
60 silly audit   '@esbuild/linux-s390x': [ '0.17.19' ],
60 silly audit   '@esbuild/linux-x64': [ '0.17.19' ],
60 silly audit   '@esbuild/netbsd-x64': [ '0.17.19' ],
60 silly audit   '@esbuild/openbsd-x64': [ '0.17.19' ],
60 silly audit   '@esbuild/sunos-x64': [ '0.17.19' ],
60 silly audit   '@esbuild/win32-arm64': [ '0.17.19' ],
60 silly audit   '@esbuild/win32-ia32': [ '0.17.19' ],
60 silly audit   '@esbuild/win32-x64': [ '0.17.19' ],
60 silly audit   '@jridgewell/gen-mapping': [ '0.3.3' ],
60 silly audit   '@jridgewell/resolve-uri': [ '3.1.0' ],
60 silly audit   '@jridgewell/set-array': [ '1.1.2' ],
60 silly audit   '@jridgewell/sourcemap-codec': [ '1.4.15', '1.4.14' ],
60 silly audit   '@jridgewell/trace-mapping': [ '0.3.18' ],
60 silly audit   '@nodelib/fs.scandir': [ '2.1.5' ],
60 silly audit   '@nodelib/fs.stat': [ '2.0.5' ],
60 silly audit   '@nodelib/fs.walk': [ '1.2.8' ],
60 silly audit   'any-promise': [ '1.3.0' ],
60 silly audit   anymatch: [ '3.1.3' ],
60 silly audit   arg: [ '5.0.2' ],
60 silly audit   asynckit: [ '0.4.0' ],
60 silly audit   axios: [ '1.4.0' ],
60 silly audit   'balanced-match': [ '1.0.2' ],
60 silly audit   'binary-extensions': [ '2.2.0' ],
60 silly audit   'brace-expansion': [ '1.1.11' ],
60 silly audit   braces: [ '3.0.2' ],
60 silly audit   browserslist: [ '4.21.7' ],
60 silly audit   'camelcase-css': [ '2.0.1' ],
60 silly audit   'caniuse-lite': [ '1.0.30001489' ],
60 silly audit   chokidar: [ '3.5.3' ],
60 silly audit   'glob-parent': [ '5.1.2', '6.0.2' ],
60 silly audit   'combined-stream': [ '1.0.8' ],
60 silly audit   commander: [ '4.1.1' ],
60 silly audit   'concat-map': [ '0.0.1' ],
60 silly audit   cssesc: [ '3.0.0' ],
60 silly audit   'delayed-stream': [ '1.0.0' ],
60 silly audit   didyoumean: [ '1.2.2' ],
60 silly audit   dlv: [ '1.1.3' ],
60 silly audit   'electron-to-chromium': [ '1.4.411' ],
60 silly audit   esbuild: [ '0.17.19' ],
60 silly audit   escalade: [ '3.1.1' ],
60 silly audit   'fast-glob': [ '3.2.12' ],
60 silly audit   fastq: [ '1.15.0' ],
60 silly audit   'fill-range': [ '7.0.1' ],
60 silly audit   'follow-redirects': [ '1.15.2' ],
60 silly audit   'form-data': [ '4.0.0' ],
60 silly audit   'fraction.js': [ '4.2.0' ],
60 silly audit   'fs.realpath': [ '1.0.0' ],
60 silly audit   fsevents: [ '2.3.2' ],
60 silly audit   'function-bind': [ '1.1.1' ],
60 silly audit   glob: [ '7.1.6' ],
60 silly audit   has: [ '1.0.3' ],
60 silly audit   inflight: [ '1.0.6' ],
60 silly audit   inherits: [ '2.0.4' ],
60 silly audit   'is-binary-path': [ '2.1.0' ],
60 silly audit   'is-core-module': [ '2.12.1' ],
60 silly audit   'is-extglob': [ '2.1.1' ],
60 silly audit   'is-glob': [ '4.0.3' ],
60 silly audit   'is-number': [ '7.0.0' ],
60 silly audit   jiti: [ '1.18.2' ],
60 silly audit   'laravel-vite-plugin': [ '0.7.8' ],
60 silly audit   lilconfig: [ '2.1.0' ],
60 silly audit   'lines-and-columns': [ '1.2.4' ],
60 silly audit   merge2: [ '1.4.1' ],
60 silly audit   micromatch: [ '4.0.5' ],
60 silly audit   'mime-db': [ '1.52.0' ],
60 silly audit   'mime-types': [ '2.1.35' ],
60 silly audit   minimatch: [ '3.1.2' ],
60 silly audit   mz: [ '2.7.0' ],
60 silly audit   nanoid: [ '3.3.6' ],
60 silly audit   'node-releases': [ '2.0.12' ],
60 silly audit   'normalize-path': [ '3.0.0' ],
60 silly audit   'normalize-range': [ '0.1.2' ],
60 silly audit   'object-assign': [ '4.1.1' ],
60 silly audit   'object-hash': [ '3.0.0' ],
60 silly audit   once: [ '1.4.0' ],
60 silly audit   'path-is-absolute': [ '1.0.1' ],
60 silly audit   'path-parse': [ '1.0.7' ],
60 silly audit   picocolors: [ '1.0.0' ],
60 silly audit   picomatch: [ '2.3.1' ],
60 silly audit   pify: [ '2.3.0' ],
60 silly audit   pirates: [ '4.0.5' ],
60 silly audit   'postcss-import': [ '15.1.0' ],
60 silly audit   'postcss-js': [ '4.0.1' ],
60 silly audit   'postcss-load-config': [ '4.0.1' ],
60 silly audit   'postcss-nested': [ '6.0.1' ],
60 silly audit   'postcss-selector-parser': [ '6.0.13' ],
60 silly audit   'postcss-value-parser': [ '4.2.0' ],
60 silly audit   'proxy-from-env': [ '1.1.0' ],
60 silly audit   'queue-microtask': [ '1.2.3' ],
60 silly audit   'read-cache': [ '1.0.0' ],
60 silly audit   readdirp: [ '3.6.0' ],
60 silly audit   resolve: [ '1.22.2' ],
60 silly audit   reusify: [ '1.0.4' ],
60 silly audit   rollup: [ '3.23.0' ],
60 silly audit   'run-parallel': [ '1.2.0' ],
60 silly audit   'source-map-js': [ '1.0.2' ],
60 silly audit   sucrase: [ '3.32.0' ],
60 silly audit   'supports-preserve-symlinks-flag': [ '1.0.0' ],
60 silly audit   thenify: [ '3.3.1' ],
60 silly audit   'thenify-all': [ '1.6.0' ],
60 silly audit   'to-regex-range': [ '5.0.1' ],
60 silly audit   'ts-interface-checker': [ '0.1.13' ],
60 silly audit   'update-browserslist-db': [ '1.0.11' ],
60 silly audit   'util-deprecate': [ '1.0.2' ],
60 silly audit   vite: [ '4.3.9' ],
60 silly audit   'vite-plugin-full-reload': [ '1.0.5' ],
60 silly audit   wrappy: [ '1.0.2' ],
60 silly audit   yaml: [ '2.3.1' ],
60 silly audit   autoprefixer: [ '10.4.14' ],
60 silly audit   postcss: [ '8.4.24' ],
60 silly audit   tailwindcss: [ '3.3.2' ]
60 silly audit }
61 verbose reify failed optional dependency /home/nubiacantu/practica2/node_modules/fsevents
62 silly reify mark deleted [ '/home/nubiacantu/practica2/node_modules/fsevents' ]
63 verbose reify failed optional dependency /home/nubiacantu/practica2/node_modules/@esbuild/win32-x64
64 silly reify mark deleted [ '/home/nubiacantu/practica2/node_modules/@esbuild/win32-x64' ]
65 verbose reify failed optional dependency /home/nubiacantu/practica2/node_modules/@esbuild/win32-ia32
66 silly reify mark deleted [ '/home/nubiacantu/practica2/node_modules/@esbuild/win32-ia32' ]
67 verbose reify failed optional dependency /home/nubiacantu/practica2/node_modules/@esbuild/win32-arm64
68 silly reify mark deleted [ '/home/nubiacantu/practica2/node_modules/@esbuild/win32-arm64' ]
69 verbose reify failed optional dependency /home/nubiacantu/practica2/node_modules/@esbuild/sunos-x64
70 silly reify mark deleted [ '/home/nubiacantu/practica2/node_modules/@esbuild/sunos-x64' ]
71 verbose reify failed optional dependency /home/nubiacantu/practica2/node_modules/@esbuild/openbsd-x64
72 silly reify mark deleted [ '/home/nubiacantu/practica2/node_modules/@esbuild/openbsd-x64' ]
73 verbose reify failed optional dependency /home/nubiacantu/practica2/node_modules/@esbuild/netbsd-x64
74 silly reify mark deleted [ '/home/nubiacantu/practica2/node_modules/@esbuild/netbsd-x64' ]
75 verbose reify failed optional dependency /home/nubiacantu/practica2/node_modules/@esbuild/linux-s390x
76 silly reify mark deleted [ '/home/nubiacantu/practica2/node_modules/@esbuild/linux-s390x' ]
77 verbose reify failed optional dependency /home/nubiacantu/practica2/node_modules/@esbuild/linux-riscv64
78 silly reify mark deleted [ '/home/nubiacantu/practica2/node_modules/@esbuild/linux-riscv64' ]
79 verbose reify failed optional dependency /home/nubiacantu/practica2/node_modules/@esbuild/linux-ppc64
80 silly reify mark deleted [ '/home/nubiacantu/practica2/node_modules/@esbuild/linux-ppc64' ]
81 verbose reify failed optional dependency /home/nubiacantu/practica2/node_modules/@esbuild/linux-mips64el
82 silly reify mark deleted [ '/home/nubiacantu/practica2/node_modules/@esbuild/linux-mips64el' ]
83 verbose reify failed optional dependency /home/nubiacantu/practica2/node_modules/@esbuild/linux-loong64
84 silly reify mark deleted [ '/home/nubiacantu/practica2/node_modules/@esbuild/linux-loong64' ]
85 verbose reify failed optional dependency /home/nubiacantu/practica2/node_modules/@esbuild/linux-ia32
86 silly reify mark deleted [ '/home/nubiacantu/practica2/node_modules/@esbuild/linux-ia32' ]
87 verbose reify failed optional dependency /home/nubiacantu/practica2/node_modules/@esbuild/linux-arm64
88 silly reify mark deleted [ '/home/nubiacantu/practica2/node_modules/@esbuild/linux-arm64' ]
89 verbose reify failed optional dependency /home/nubiacantu/practica2/node_modules/@esbuild/linux-arm
90 silly reify mark deleted [ '/home/nubiacantu/practica2/node_modules/@esbuild/linux-arm' ]
91 verbose reify failed optional dependency /home/nubiacantu/practica2/node_modules/@esbuild/freebsd-x64
92 silly reify mark deleted [ '/home/nubiacantu/practica2/node_modules/@esbuild/freebsd-x64' ]
93 verbose reify failed optional dependency /home/nubiacantu/practica2/node_modules/@esbuild/freebsd-arm64
94 silly reify mark deleted [ '/home/nubiacantu/practica2/node_modules/@esbuild/freebsd-arm64' ]
95 verbose reify failed optional dependency /home/nubiacantu/practica2/node_modules/@esbuild/darwin-x64
96 silly reify mark deleted [ '/home/nubiacantu/practica2/node_modules/@esbuild/darwin-x64' ]
97 verbose reify failed optional dependency /home/nubiacantu/practica2/node_modules/@esbuild/darwin-arm64
98 silly reify mark deleted [ '/home/nubiacantu/practica2/node_modules/@esbuild/darwin-arm64' ]
99 verbose reify failed optional dependency /home/nubiacantu/practica2/node_modules/@esbuild/android-x64
100 silly reify mark deleted [ '/home/nubiacantu/practica2/node_modules/@esbuild/android-x64' ]
101 verbose reify failed optional dependency /home/nubiacantu/practica2/node_modules/@esbuild/android-arm64
102 silly reify mark deleted [ '/home/nubiacantu/practica2/node_modules/@esbuild/android-arm64' ]
103 verbose reify failed optional dependency /home/nubiacantu/practica2/node_modules/@esbuild/android-arm
104 silly reify mark deleted [ '/home/nubiacantu/practica2/node_modules/@esbuild/android-arm' ]
105 timing reifyNode:node_modules/fsevents Completed in 29ms
106 timing reifyNode:node_modules/@esbuild/win32-x64 Completed in 29ms
107 timing reifyNode:node_modules/@esbuild/win32-ia32 Completed in 28ms
108 timing reifyNode:node_modules/@esbuild/win32-arm64 Completed in 29ms
109 timing reifyNode:node_modules/@esbuild/sunos-x64 Completed in 29ms
110 timing reifyNode:node_modules/@esbuild/openbsd-x64 Completed in 28ms
111 timing reifyNode:node_modules/@esbuild/netbsd-x64 Completed in 28ms
112 timing reifyNode:node_modules/@esbuild/linux-s390x Completed in 28ms
113 timing reifyNode:node_modules/@esbuild/linux-riscv64 Completed in 28ms
114 timing reifyNode:node_modules/@esbuild/linux-ppc64 Completed in 28ms
115 timing reifyNode:node_modules/@esbuild/linux-mips64el Completed in 27ms
116 timing reifyNode:node_modules/@esbuild/linux-loong64 Completed in 27ms
117 timing reifyNode:node_modules/@esbuild/linux-ia32 Completed in 27ms
118 timing reifyNode:node_modules/@esbuild/linux-arm64 Completed in 26ms
119 timing reifyNode:node_modules/@esbuild/linux-arm Completed in 27ms
120 timing reifyNode:node_modules/@esbuild/freebsd-x64 Completed in 28ms
121 timing reifyNode:node_modules/@esbuild/freebsd-arm64 Completed in 28ms
122 timing reifyNode:node_modules/@esbuild/darwin-x64 Completed in 28ms
123 timing reifyNode:node_modules/@esbuild/darwin-arm64 Completed in 28ms
124 timing reifyNode:node_modules/@esbuild/android-x64 Completed in 28ms
125 timing reifyNode:node_modules/@esbuild/android-arm64 Completed in 28ms
126 timing reifyNode:node_modules/@esbuild/android-arm Completed in 28ms
127 timing reify:unpack Completed in 37ms
128 timing reify:unretire Completed in 2ms
129 timing build:queue Completed in 15ms
130 timing build:deps Completed in 18ms
131 timing build Completed in 20ms
132 timing reify:build Completed in 21ms
133 timing reify:trash Completed in 9ms
134 timing reify:save Completed in 179ms
135 http fetch POST 200 https://registry.npmjs.org/-/npm/v1/security/advisories/bulk 347ms
136 timing auditReport:getReport Completed in 364ms
137 silly audit report {}
138 timing auditReport:init Completed in 0ms
139 timing reify:audit Completed in 367ms
140 timing reify Completed in 2574ms
141 silly ADD
142 silly ADD
143 silly ADD
144 silly ADD
145 silly ADD
146 silly ADD
147 silly ADD
148 silly ADD
149 silly ADD
150 silly ADD
151 silly ADD
152 silly ADD
153 silly ADD
154 silly ADD
155 silly ADD
156 silly ADD
157 silly ADD
158 silly ADD
159 silly ADD
160 silly ADD
161 silly ADD
162 silly ADD
163 timing command:install Completed in 2603ms
164 verbose exit 0
165 timing npm Completed in 2844ms
166 info ok
