0 verbose cli /home/nubiacantu/.nvm/versions/node/v18.16.0/bin/node /home/nubiacantu/.nvm/versions/node/v18.16.0/bin/npm
1 info using npm@9.5.1
2 info using node@v18.16.0
3 timing npm:load:whichnode Completed in 3ms
4 timing config:load:defaults Completed in 15ms
5 timing config:load:file:/home/nubiacantu/.nvm/versions/node/v18.16.0/lib/node_modules/npm/npmrc Completed in 1ms
6 timing config:load:builtin Completed in 2ms
7 timing config:load:cli Completed in 15ms
8 timing config:load:env Completed in 1ms
9 timing config:load:file:/home/nubiacantu/practica2/.npmrc Completed in 1ms
10 timing config:load:project Completed in 15ms
11 timing config:load:file:/home/nubiacantu/.npmrc Completed in 1ms
12 timing config:load:user Completed in 1ms
13 timing config:load:file:/home/nubiacantu/.nvm/versions/node/v18.16.0/etc/npmrc Completed in 10ms
14 timing config:load:global Completed in 11ms
15 timing config:load:setEnvs Completed in 3ms
16 timing config:load Completed in 64ms
17 timing npm:load:configload Completed in 64ms
18 timing npm:load:mkdirpcache Completed in 1ms
19 timing npm:load:mkdirplogs Completed in 0ms
20 verbose title npm run dev
21 verbose argv "run" "dev"
22 timing npm:load:setTitle Completed in 14ms
23 timing config:load:flatten Completed in 19ms
24 timing npm:load:display Completed in 30ms
25 verbose logfile logs-max:10 dir:/home/nubiacantu/.npm/_logs/2023-05-30T23_53_22_247Z-
26 verbose logfile /home/nubiacantu/.npm/_logs/2023-05-30T23_53_22_247Z-debug-0.log
27 timing npm:load:logFile Completed in 36ms
28 timing npm:load:timers Completed in 10ms
29 timing npm:load:configScope Completed in 0ms
30 timing npm:load Completed in 172ms
31 silly logfile start cleaning logs, removing 4 files
32 silly logfile done cleaning log files
33 timing command:run Completed in 10128285ms
34 verbose exit 1
35 timing npm Completed in 10128601ms
36 verbose code 1
