0 verbose cli /home/nubiacantu/.nvm/versions/node/v18.16.0/bin/node /home/nubiacantu/.nvm/versions/node/v18.16.0/bin/npm
1 info using npm@9.5.1
2 info using node@v18.16.0
3 timing npm:load:whichnode Completed in 14ms
4 timing config:load:defaults Completed in 5ms
5 timing config:load:file:/home/nubiacantu/.nvm/versions/node/v18.16.0/lib/node_modules/npm/npmrc Completed in 6ms
6 timing config:load:builtin Completed in 8ms
7 timing config:load:cli Completed in 7ms
8 timing config:load:env Completed in 1ms
9 timing config:load:file:/home/nubiacantu/devstagram2/.npmrc Completed in 1ms
10 timing config:load:project Completed in 4ms
11 timing config:load:file:/home/nubiacantu/.npmrc Completed in 2ms
12 timing config:load:user Completed in 5ms
13 timing config:load:file:/home/nubiacantu/.nvm/versions/node/v18.16.0/etc/npmrc Completed in 1ms
14 timing config:load:global Completed in 5ms
15 timing config:load:setEnvs Completed in 3ms
16 timing config:load Completed in 42ms
17 timing npm:load:configload Completed in 42ms
18 timing npm:load:mkdirpcache Completed in 1ms
19 timing npm:load:mkdirplogs Completed in 1ms
20 verbose title npm run build
21 verbose argv "run" "build"
22 timing npm:load:setTitle Completed in 13ms
23 timing config:load:flatten Completed in 26ms
24 timing npm:load:display Completed in 39ms
25 verbose logfile logs-max:10 dir:/home/nubiacantu/.npm/_logs/2023-06-21T14_45_44_484Z-
26 verbose logfile /home/nubiacantu/.npm/_logs/2023-06-21T14_45_44_484Z-debug-0.log
27 timing npm:load:logFile Completed in 29ms
28 timing npm:load:timers Completed in 3ms
29 timing npm:load:configScope Completed in 1ms
30 timing npm:load Completed in 149ms
31 silly logfile start cleaning logs, removing 4 files
32 silly logfile done cleaning log files
33 timing command:run Completed in 12682ms
34 verbose exit 0
35 timing npm Completed in 12914ms
36 info ok
