0 verbose cli /home/nubiacantu/.nvm/versions/node/v18.16.0/bin/node /home/nubiacantu/.nvm/versions/node/v18.16.0/bin/npm
1 info using npm@9.5.1
2 info using node@v18.16.0
3 timing npm:load:whichnode Completed in 17ms
4 timing config:load:defaults Completed in 17ms
5 timing config:load:file:/home/nubiacantu/.nvm/versions/node/v18.16.0/lib/node_modules/npm/npmrc Completed in 13ms
6 timing config:load:builtin Completed in 15ms
7 timing config:load:cli Completed in 15ms
8 timing config:load:env Completed in 15ms
9 timing config:load:file:/home/nubiacantu/practica2/.npmrc Completed in 15ms
10 timing config:load:project Completed in 64ms
11 timing config:load:file:/home/nubiacantu/.npmrc Completed in 15ms
12 timing config:load:user Completed in 16ms
13 timing config:load:file:/home/nubiacantu/.nvm/versions/node/v18.16.0/etc/npmrc Completed in 1ms
14 timing config:load:global Completed in 1ms
15 timing config:load:setEnvs Completed in 15ms
16 timing config:load Completed in 159ms
17 timing npm:load:configload Completed in 159ms
18 timing npm:load:mkdirpcache Completed in 15ms
19 timing npm:load:mkdirplogs Completed in 16ms
20 verbose title npm run dev
21 verbose argv "run" "dev"
22 timing npm:load:setTitle Completed in 4ms
23 timing config:load:flatten Completed in 51ms
24 timing npm:load:display Completed in 65ms
25 verbose logfile logs-max:10 dir:/home/nubiacantu/.npm/_logs/2023-05-29T14_00_33_316Z-
26 verbose logfile /home/nubiacantu/.npm/_logs/2023-05-29T14_00_33_316Z-debug-0.log
27 timing npm:load:logFile Completed in 110ms
28 timing npm:load:timers Completed in 1ms
29 timing npm:load:configScope Completed in 0ms
30 timing npm:load Completed in 400ms
31 silly logfile start cleaning logs, removing 1 files
32 silly logfile done cleaning log files
33 timing command:run Completed in 3657024ms
34 verbose exit 1
35 timing npm Completed in 3657711ms
36 verbose code 1
