0 verbose cli /home/nubiacantu/.nvm/versions/node/v18.16.0/bin/node /home/nubiacantu/.nvm/versions/node/v18.16.0/bin/npm
1 info using npm@9.5.1
2 info using node@v18.16.0
3 timing npm:load:whichnode Completed in 7ms
4 timing config:load:defaults Completed in 6ms
5 timing config:load:file:/home/nubiacantu/.nvm/versions/node/v18.16.0/lib/node_modules/npm/npmrc Completed in 2ms
6 timing config:load:builtin Completed in 3ms
7 timing config:load:cli Completed in 15ms
8 timing config:load:env Completed in 3ms
9 timing config:load:file:/home/nubiacantu/devstagram2/.npmrc Completed in 1ms
10 timing config:load:project Completed in 20ms
11 timing config:load:file:/home/nubiacantu/.npmrc Completed in 1ms
12 timing config:load:user Completed in 2ms
13 timing config:load:file:/home/nubiacantu/.nvm/versions/node/v18.16.0/etc/npmrc Completed in 1ms
14 timing config:load:global Completed in 2ms
15 timing config:load:setEnvs Completed in 6ms
16 timing config:load Completed in 62ms
17 timing npm:load:configload Completed in 64ms
18 timing npm:load:mkdirpcache Completed in 4ms
19 timing npm:load:mkdirplogs Completed in 2ms
20 verbose title npm config get prefix
21 verbose argv "config" "--loglevel" "warn" "get" "prefix"
22 timing npm:load:setTitle Completed in 4ms
23 timing config:load:flatten Completed in 17ms
24 timing npm:load:display Completed in 19ms
25 verbose logfile logs-max:10 dir:/home/nubiacantu/.npm/_logs/2023-06-17T04_58_11_925Z-
26 verbose logfile /home/nubiacantu/.npm/_logs/2023-06-17T04_58_11_925Z-debug-0.log
27 timing npm:load:logFile Completed in 31ms
28 timing npm:load:timers Completed in 0ms
29 timing npm:load:configScope Completed in 0ms
30 timing npm:load Completed in 136ms
31 timing command:config Completed in 14ms
32 verbose exit 0
33 timing npm Completed in 193ms
34 info ok
