0 verbose cli /home/nubiacantu/.nvm/versions/node/v18.16.0/bin/node /home/nubiacantu/.nvm/versions/node/v18.16.0/bin/npm
1 info using npm@9.5.1
2 info using node@v18.16.0
3 timing npm:load:whichnode Completed in 31ms
4 timing config:load:defaults Completed in 15ms
5 timing config:load:file:/home/nubiacantu/.nvm/versions/node/v18.16.0/lib/node_modules/npm/npmrc Completed in 1ms
6 timing config:load:builtin Completed in 1ms
7 timing config:load:cli Completed in 16ms
8 timing config:load:env Completed in 0ms
9 verbose config error loading project config [Error: EACCES: permission denied, open '/root/.npmrc'] {
9 verbose config   errno: -13,
9 verbose config   code: 'EACCES',
9 verbose config   syscall: 'open',
9 verbose config   path: '/root/.npmrc'
9 verbose config }
10 timing config:load:file:/root/.npmrc Completed in 10ms
11 timing config:load:project Completed in 31ms
12 timing config:load:file:/home/nubiacantu/.npmrc Completed in 0ms
13 timing config:load:user Completed in 0ms
14 timing config:load:file:/home/nubiacantu/.nvm/versions/node/v18.16.0/etc/npmrc Completed in 0ms
15 timing config:load:global Completed in 0ms
16 timing config:load:setEnvs Completed in 12ms
17 timing config:load Completed in 81ms
18 timing npm:load:configload Completed in 82ms
19 timing npm:load:mkdirpcache Completed in 14ms
20 timing npm:load:mkdirplogs Completed in 3ms
21 verbose title npm config get prefix
22 verbose argv "config" "--loglevel" "warn" "get" "prefix"
23 timing npm:load:setTitle Completed in 15ms
24 timing config:load:flatten Completed in 31ms
25 timing npm:load:display Completed in 33ms
26 verbose logfile logs-max:10 dir:/home/nubiacantu/.npm/_logs/2023-05-30T23_37_43_744Z-
27 verbose logfile /home/nubiacantu/.npm/_logs/2023-05-30T23_37_43_744Z-debug-0.log
28 timing npm:load:logFile Completed in 51ms
29 timing npm:load:timers Completed in 1ms
30 timing npm:load:configScope Completed in 0ms
31 timing npm:load Completed in 232ms
32 timing command:config Completed in 19ms
33 verbose exit 0
34 timing npm Completed in 355ms
35 info ok
