0 verbose cli /home/nubiacantu/.nvm/versions/node/v18.16.0/bin/node /home/nubiacantu/.nvm/versions/node/v18.16.0/bin/npm
1 info using npm@9.5.1
2 info using node@v18.16.0
3 timing npm:load:whichnode Completed in 16ms
4 timing config:load:defaults Completed in 26ms
5 timing config:load:file:/home/nubiacantu/.nvm/versions/node/v18.16.0/lib/node_modules/npm/npmrc Completed in 2ms
6 timing config:load:builtin Completed in 3ms
7 timing config:load:cli Completed in 68ms
8 timing config:load:env Completed in 12ms
9 timing config:load:file:/home/nubiacantu/devstagram2/.npmrc Completed in 2ms
10 timing config:load:project Completed in 27ms
11 timing config:load:file:/home/nubiacantu/.npmrc Completed in 6ms
12 timing config:load:user Completed in 10ms
13 timing config:load:file:/home/nubiacantu/.nvm/versions/node/v18.16.0/etc/npmrc Completed in 4ms
14 timing config:load:global Completed in 4ms
15 timing config:load:setEnvs Completed in 3ms
16 timing config:load Completed in 156ms
17 timing npm:load:configload Completed in 157ms
18 timing npm:load:mkdirpcache Completed in 53ms
19 timing npm:load:mkdirplogs Completed in 179ms
20 verbose title npm config get prefix
21 verbose argv "config" "--loglevel" "warn" "get" "prefix"
22 timing npm:load:setTitle Completed in 32ms
23 timing config:load:flatten Completed in 33ms
24 timing npm:load:display Completed in 36ms
25 verbose logfile logs-max:10 dir:/home/nubiacantu/.npm/_logs/2023-06-19T13_35_37_279Z-
26 verbose logfile /home/nubiacantu/.npm/_logs/2023-06-19T13_35_37_279Z-debug-0.log
27 timing npm:load:logFile Completed in 36ms
28 timing npm:load:timers Completed in 0ms
29 timing npm:load:configScope Completed in 0ms
30 timing npm:load Completed in 554ms
31 timing command:config Completed in 45ms
32 verbose exit 0
33 timing npm Completed in 852ms
34 info ok
