0 verbose cli /home/nubiacantu/.nvm/versions/node/v18.16.0/bin/node /home/nubiacantu/.nvm/versions/node/v18.16.0/bin/npm
1 info using npm@9.5.1
2 info using node@v18.16.0
3 timing npm:load:whichnode Completed in 40ms
4 timing config:load:defaults Completed in 14ms
5 timing config:load:file:/home/nubiacantu/.nvm/versions/node/v18.16.0/lib/node_modules/npm/npmrc Completed in 3ms
6 timing config:load:builtin Completed in 5ms
7 timing config:load:cli Completed in 34ms
8 timing config:load:env Completed in 2ms
9 timing config:load:file:/home/nubiacantu/devstagram2/.npmrc Completed in 1ms
10 timing config:load:project Completed in 16ms
11 timing config:load:file:/home/nubiacantu/.npmrc Completed in 1ms
12 timing config:load:user Completed in 14ms
13 timing config:load:file:/home/nubiacantu/.nvm/versions/node/v18.16.0/etc/npmrc Completed in 1ms
14 timing config:load:global Completed in 1ms
15 timing config:load:setEnvs Completed in 3ms
16 timing config:load Completed in 92ms
17 timing npm:load:configload Completed in 92ms
18 timing npm:load:mkdirpcache Completed in 1ms
19 timing npm:load:mkdirplogs Completed in 12ms
20 verbose title npm config get prefix
21 verbose argv "config" "--loglevel" "warn" "get" "prefix"
22 timing npm:load:setTitle Completed in 22ms
23 timing config:load:flatten Completed in 23ms
24 timing npm:load:display Completed in 38ms
25 verbose logfile logs-max:10 dir:/home/nubiacantu/.npm/_logs/2023-06-21T13_46_45_799Z-
26 verbose logfile /home/nubiacantu/.npm/_logs/2023-06-21T13_46_45_799Z-debug-0.log
27 timing npm:load:logFile Completed in 70ms
28 timing npm:load:timers Completed in 1ms
29 timing npm:load:configScope Completed in 1ms
30 timing npm:load Completed in 280ms
31 timing command:config Completed in 24ms
32 verbose exit 0
33 timing npm Completed in 473ms
34 info ok
