2023-05-15 21:01:53.958 [info] Extension host with pid 2622 started
2023-05-15 21:01:54.287 [info] ExtensionService#_doActivateExtension vscode.emmet, startup: false, activationEvent: 'onLanguage'
2023-05-15 21:01:54.290 [info] ExtensionService#_doActivateExtension amiralizadeh9480.laravel-extra-intellisense, startup: false, activationEvent: 'onLanguage:blade'
2023-05-15 21:01:54.292 [info] ExtensionService#_doActivateExtension codingyu.laravel-goto-view, startup: false, activationEvent: 'onLanguage:blade'
2023-05-15 21:01:54.293 [info] ExtensionService#_doActivateExtension onecentlin.laravel-blade, startup: false, activationEvent: 'onLanguage:blade'
2023-05-15 21:01:54.825 [info] Lock '/home/nubiacantu/.vscode-server/data/User/workspaceStorage/b97af0ddb574c55c5e7c09ea42f3dd1c/vscode.lock': Lock acquired.
2023-05-15 21:01:55.895 [info] ExtensionService#_doActivateExtension vscode.git-base, startup: true, activationEvent: '*', root cause: vscode.git
2023-05-15 21:01:55.897 [info] ExtensionService#_doActivateExtension Zignd.html-css-class-completion, startup: true, activationEvent: '*'
2023-05-15 21:01:57.281 [info] ExtensionService#_doActivateExtension vscode.npm, startup: true, activationEvent: 'workspaceContains:package.json'
2023-05-15 21:01:57.582 [info] ExtensionService#_doActivateExtension vscode.git, startup: true, activationEvent: '*'
2023-05-15 21:01:57.588 [info] ExtensionService#_doActivateExtension vscode.github, startup: true, activationEvent: '*'
2023-05-15 21:01:58.307 [info] ExtensionService#_doActivateExtension zobo.php-intellisense, startup: true, activationEvent: 'workspaceContains:**/*.php'
2023-05-15 21:01:59.377 [error] /bin/sh: 1: php: not found

2023-05-15 21:01:59.379 [error] /bin/sh: 1: php: not found

2023-05-15 21:01:59.379 [error] /bin/sh: 1: php: not found

2023-05-15 21:01:59.380 [error] /bin/sh: 1: php: not found

2023-05-15 21:01:59.380 [error] /bin/sh: 1: php: not found

2023-05-15 21:01:59.381 [error] /bin/sh: 1: php: not found

2023-05-15 21:01:59.382 [error] /bin/sh: 1: php: not found

2023-05-15 21:02:05.920 [info] ExtensionService#_doActivateExtension vscode.debug-auto-launch, startup: false, activationEvent: 'onStartupFinished'
2023-05-15 21:02:05.921 [info] ExtensionService#_doActivateExtension vscode.merge-conflict, startup: false, activationEvent: 'onStartupFinished'
2023-05-15 21:02:05.922 [info] ExtensionService#_doActivateExtension bradlc.vscode-tailwindcss, startup: false, activationEvent: 'onStartupFinished'
2023-05-15 21:02:56.730 [error] /bin/sh: 1: php: not found

2023-05-15 21:03:56.737 [error] /bin/sh: 1: php: not found

2023-05-15 21:04:56.702 [error] /bin/sh: 1: php: not found

2023-05-15 21:05:57.727 [error] /bin/sh: 1: php: not found

2023-05-15 21:06:49.730 [info] ExtensionService#_doActivateExtension vscode.css-language-features, startup: false, activationEvent: 'onLanguage:css'
2023-05-15 21:06:57.373 [error] /bin/sh: 1: php: not found

2023-05-15 21:07:57.712 [error] /bin/sh: 1: php: not found

2023-05-15 21:08:56.741 [error] /bin/sh: 1: php: not found

2023-05-15 21:09:57.534 [error] /bin/sh: 1: php: not found

2023-05-15 21:10:56.682 [error] /bin/sh: 1: php: not found

2023-05-15 21:11:56.714 [error] /bin/sh: 1: php: not found

2023-05-15 21:11:56.920 [error] /bin/sh: 1: php: not found

2023-05-15 21:12:56.758 [error] /bin/sh: 1: php: not found

2023-05-15 21:13:56.792 [error] /bin/sh: 1: php: not found

2023-05-15 21:14:56.762 [error] /bin/sh: 1: php: not found

2023-05-15 21:15:56.706 [error] /bin/sh: 1: php: not found

2023-05-15 21:16:56.686 [error] /bin/sh: 1: php: not found

2023-05-15 21:17:56.701 [error] /bin/sh: 1: php: not found

2023-05-15 21:18:56.701 [error] /bin/sh: 1: php: not found

2023-05-15 21:19:56.948 [error] /bin/sh: 1: php: not found

2023-05-15 21:20:56.673 [error] /bin/sh: 1: php: not found

2023-05-15 21:21:56.750 [error] /bin/sh: 1: php: not found

2023-05-15 21:21:56.887 [error] /bin/sh: 1: php: not found

2023-05-15 21:22:56.996 [error] /bin/sh: 1: php: not found

2023-05-15 21:23:56.918 [error] /bin/sh: 1: php: not found

2023-05-15 21:23:59.171 [info] ExtensionService#_doActivateExtension vscode.typescript-language-features, startup: false, activationEvent: 'onLanguage:javascript'
2023-05-15 21:24:56.743 [error] /bin/sh: 1: php: not found

2023-05-15 21:25:56.713 [error] /bin/sh: 1: php: not found

2023-05-15 21:26:57.067 [error] /bin/sh: 1: php: not found

2023-05-15 21:27:56.735 [error] /bin/sh: 1: php: not found

2023-05-15 21:28:56.687 [error] /bin/sh: 1: php: not found

2023-05-15 21:29:56.724 [error] /bin/sh: 1: php: not found

2023-05-15 21:30:56.888 [error] /bin/sh: 1: php: not found

2023-05-15 21:31:58.238 [error] /bin/sh: 1: php: not found

2023-05-15 21:31:58.239 [error] /bin/sh: 1: php: not found

2023-05-15 21:32:57.066 [error] /bin/sh: 1: php: not found

2023-05-15 21:33:57.057 [error] /bin/sh: 1: php: not found

2023-05-15 21:34:57.309 [error] /bin/sh: 1: php: not found

2023-05-15 21:35:58.446 [error] /bin/sh: 1: php: not found

2023-05-15 21:36:57.316 [error] /bin/sh: 1: php: not found

2023-05-15 21:37:57.155 [error] /bin/sh: 1: php: not found

2023-05-15 21:38:57.139 [error] /bin/sh: 1: php: not found

2023-05-15 21:39:57.130 [error] /bin/sh: 1: php: not found

2023-05-15 21:40:57.867 [error] /bin/sh: 1: php: not found

2023-05-15 21:41:57.335 [error] /bin/sh: 1: php: not found

2023-05-15 21:41:57.621 [error] /bin/sh: 1: php: not found

2023-05-15 21:42:57.135 [error] /bin/sh: 1: php: not found

2023-05-15 21:43:57.138 [error] /bin/sh: 1: php: not found

2023-05-15 21:44:57.098 [error] /bin/sh: 1: php: not found

2023-05-15 21:45:55.373 [info] Eager extensions activated
2023-05-15 21:45:57.177 [error] /bin/sh: 1: php: not found

2023-05-15 21:46:57.257 [error] /bin/sh: 1: php: not found

2023-05-15 21:47:57.308 [error] /bin/sh: 1: php: not found

2023-05-15 21:48:57.131 [error] /bin/sh: 1: php: not found

2023-05-15 21:49:57.178 [error] /bin/sh: 1: php: not found

2023-05-15 21:50:57.101 [error] /bin/sh: 1: php: not found

2023-05-15 21:51:57.095 [error] /bin/sh: 1: php: not found

2023-05-15 21:51:57.287 [error] /bin/sh: 1: php: not found

2023-05-15 21:52:57.130 [error] /bin/sh: 1: php: not found

2023-05-15 21:53:57.153 [error] /bin/sh: 1: php: not found

2023-05-15 21:54:57.155 [error] /bin/sh: 1: php: not found

2023-05-15 21:55:57.167 [error] /bin/sh: 1: php: not found

2023-05-15 21:56:58.028 [error] /bin/sh: 1: php: not found

2023-05-15 21:57:57.466 [error] /bin/sh: 1: php: not found

2023-05-15 21:58:57.758 [error] /bin/sh: 1: php: not found

2023-05-15 21:59:57.603 [error] /bin/sh: 1: php: not found

2023-05-15 22:00:57.587 [error] /bin/sh: 1: php: not found

2023-05-15 22:01:58.499 [error] /bin/sh: 1: php: not found

2023-05-15 22:01:58.706 [error] /bin/sh: 1: php: not found

2023-05-15 22:02:57.636 [error] /bin/sh: 1: php: not found

2023-05-15 22:03:57.603 [error] /bin/sh: 1: php: not found

2023-05-15 22:04:57.675 [error] /bin/sh: 1: php: not found

2023-05-15 22:05:57.766 [error] /bin/sh: 1: php: not found

2023-05-15 22:06:57.690 [error] /bin/sh: 1: php: not found

2023-05-15 22:07:58.048 [error] /bin/sh: 1: php: not found

2023-05-15 22:08:57.683 [error] /bin/sh: 1: php: not found

2023-05-15 22:09:58.070 [error] /bin/sh: 1: php: not found

2023-05-15 22:10:57.816 [error] /bin/sh: 1: php: not found

2023-05-15 22:11:08.218 [info] ExtensionService#_doActivateExtension vscode.php-language-features, startup: false, activationEvent: 'onLanguage:php'
2023-05-15 22:11:08.219 [info] ExtensionService#_doActivateExtension bmewburn.vscode-intelephense-client, startup: false, activationEvent: 'onLanguage:php'
2023-05-15 22:11:08.220 [info] ExtensionService#_doActivateExtension MehediDracula.php-namespace-resolver, startup: false, activationEvent: 'onLanguage:php'
2023-05-15 22:11:57.915 [error] /bin/sh: 1: php: not found

2023-05-15 22:11:58.231 [error] /bin/sh: 1: php: not found

2023-05-15 22:12:57.973 [error] /bin/sh: 1: php: not found

2023-05-15 22:13:57.864 [error] /bin/sh: 1: php: not found

2023-05-15 22:14:57.826 [error] /bin/sh: 1: php: not found

2023-05-15 22:15:57.808 [error] /bin/sh: 1: php: not found

2023-05-15 22:16:57.826 [error] /bin/sh: 1: php: not found

2023-05-15 22:17:57.790 [error] /bin/sh: 1: php: not found

2023-05-15 22:18:57.777 [error] /bin/sh: 1: php: not found

2023-05-15 22:19:57.771 [error] /bin/sh: 1: php: not found

2023-05-15 22:20:57.904 [error] /bin/sh: 1: php: not found

2023-05-15 22:21:57.880 [error] /bin/sh: 1: php: not found

2023-05-15 22:21:58.011 [error] /bin/sh: 1: php: not found

2023-05-15 22:22:57.765 [error] /bin/sh: 1: php: not found

2023-05-15 22:23:57.730 [error] /bin/sh: 1: php: not found

2023-05-15 22:24:57.764 [error] /bin/sh: 1: php: not found

2023-05-15 22:25:57.731 [error] /bin/sh: 1: php: not found

2023-05-15 22:26:57.735 [error] /bin/sh: 1: php: not found

2023-05-15 22:27:57.745 [error] /bin/sh: 1: php: not found

2023-05-15 22:28:57.862 [error] /bin/sh: 1: php: not found

2023-05-15 22:29:57.725 [error] /bin/sh: 1: php: not found

2023-05-15 22:30:57.760 [error] /bin/sh: 1: php: not found

2023-05-15 22:31:57.758 [error] /bin/sh: 1: php: not found

2023-05-15 22:31:57.922 [error] /bin/sh: 1: php: not found

2023-05-15 22:32:57.741 [error] /bin/sh: 1: php: not found

2023-05-15 22:33:57.748 [error] /bin/sh: 1: php: not found

2023-05-15 22:34:57.720 [error] /bin/sh: 1: php: not found

2023-05-15 22:35:57.701 [error] /bin/sh: 1: php: not found

2023-05-15 22:36:57.693 [error] /bin/sh: 1: php: not found

2023-05-15 22:37:57.724 [error] /bin/sh: 1: php: not found

2023-05-15 22:38:57.689 [error] /bin/sh: 1: php: not found

2023-05-15 22:39:57.711 [error] /bin/sh: 1: php: not found

2023-05-15 22:40:57.740 [error] /bin/sh: 1: php: not found

2023-05-15 22:41:57.707 [error] /bin/sh: 1: php: not found

2023-05-15 22:41:57.864 [error] /bin/sh: 1: php: not found

2023-05-15 23:12:41.804 [error] /bin/sh: 1: php: not found

2023-05-15 23:13:13.671 [error] /bin/sh: 1: php: not found

2023-05-15 23:14:01.263 [error] /bin/sh: 1: php: not found

2023-05-15 23:14:59.288 [error] /bin/sh: 1: php: not found

2023-05-15 23:15:59.535 [error] /bin/sh: 1: php: not found

2023-05-15 23:16:59.548 [error] /bin/sh: 1: php: not found

2023-05-15 23:17:59.834 [error] /bin/sh: 1: php: not found

2023-05-15 23:18:26.726 [info] Extension host terminating: received terminate message from renderer
2023-05-15 23:18:26.728 [info] Lock '/home/nubiacantu/.vscode-server/data/User/workspaceStorage/b97af0ddb574c55c5e7c09ea42f3dd1c/vscode.lock': Marking the lockfile as scheduled to be released in 6000 ms.
2023-05-15 23:18:27.007 [error] An error occurred when deactivating the subscriptions for extension 'bmewburn.vscode-intelephense-client':
2023-05-15 23:18:27.010 [error] TypeError: Cannot read private member from an object whose class did not declare it
    at Be (/home/nubiacantu/.vscode-server/bin/b3e4e68a0bc097f0ae7907b217c1119af9e03435/out/vs/workbench/api/node/extensionHostProcess.js:113:6672)
    at Object.dispose (/home/nubiacantu/.vscode-server/bin/b3e4e68a0bc097f0ae7907b217c1119af9e03435/out/vs/workbench/api/node/extensionHostProcess.js:97:12460)
    at P (/home/nubiacantu/.vscode-server/bin/b3e4e68a0bc097f0ae7907b217c1119af9e03435/out/vs/workbench/api/node/extensionHostProcess.js:10:12080)
    at v.Y (/home/nubiacantu/.vscode-server/bin/b3e4e68a0bc097f0ae7907b217c1119af9e03435/out/vs/workbench/api/node/extensionHostProcess.js:113:11173)
    at /home/nubiacantu/.vscode-server/bin/b3e4e68a0bc097f0ae7907b217c1119af9e03435/out/vs/workbench/api/node/extensionHostProcess.js:113:9157
    at Array.map (<anonymous>)
    at v.R (/home/nubiacantu/.vscode-server/bin/b3e4e68a0bc097f0ae7907b217c1119af9e03435/out/vs/workbench/api/node/extensionHostProcess.js:113:9144)
    at v.terminate (/home/nubiacantu/.vscode-server/bin/b3e4e68a0bc097f0ae7907b217c1119af9e03435/out/vs/workbench/api/node/extensionHostProcess.js:113:9415)
    at d.terminate (/home/nubiacantu/.vscode-server/bin/b3e4e68a0bc097f0ae7907b217c1119af9e03435/out/vs/workbench/api/node/extensionHostProcess.js:117:1544)
    at g (/home/nubiacantu/.vscode-server/bin/b3e4e68a0bc097f0ae7907b217c1119af9e03435/out/vs/workbench/api/node/extensionHostProcess.js:127:34439)
    at /home/nubiacantu/.vscode-server/bin/b3e4e68a0bc097f0ae7907b217c1119af9e03435/out/vs/workbench/api/node/extensionHostProcess.js:127:32349
    at v.invoke (/home/nubiacantu/.vscode-server/bin/b3e4e68a0bc097f0ae7907b217c1119af9e03435/out/vs/workbench/api/node/extensionHostProcess.js:63:145)
    at h.deliver (/home/nubiacantu/.vscode-server/bin/b3e4e68a0bc097f0ae7907b217c1119af9e03435/out/vs/workbench/api/node/extensionHostProcess.js:63:2121)
    at i.fire (/home/nubiacantu/.vscode-server/bin/b3e4e68a0bc097f0ae7907b217c1119af9e03435/out/vs/workbench/api/node/extensionHostProcess.js:63:1729)
    at g.fire (/home/nubiacantu/.vscode-server/bin/b3e4e68a0bc097f0ae7907b217c1119af9e03435/out/vs/workbench/api/node/extensionHostProcess.js:72:14852)
    at u.E (/home/nubiacantu/.vscode-server/bin/b3e4e68a0bc097f0ae7907b217c1119af9e03435/out/vs/workbench/api/node/extensionHostProcess.js:72:18899)
    at /home/nubiacantu/.vscode-server/bin/b3e4e68a0bc097f0ae7907b217c1119af9e03435/out/vs/workbench/api/node/extensionHostProcess.js:72:18078
    at v.invoke (/home/nubiacantu/.vscode-server/bin/b3e4e68a0bc097f0ae7907b217c1119af9e03435/out/vs/workbench/api/node/extensionHostProcess.js:63:145)
    at h.deliver (/home/nubiacantu/.vscode-server/bin/b3e4e68a0bc097f0ae7907b217c1119af9e03435/out/vs/workbench/api/node/extensionHostProcess.js:63:2121)
    at i.fire (/home/nubiacantu/.vscode-server/bin/b3e4e68a0bc097f0ae7907b217c1119af9e03435/out/vs/workbench/api/node/extensionHostProcess.js:63:1729)
    at d.acceptChunk (/home/nubiacantu/.vscode-server/bin/b3e4e68a0bc097f0ae7907b217c1119af9e03435/out/vs/workbench/api/node/extensionHostProcess.js:72:12583)
    at /home/nubiacantu/.vscode-server/bin/b3e4e68a0bc097f0ae7907b217c1119af9e03435/out/vs/workbench/api/node/extensionHostProcess.js:72:11870
    at v.invoke (/home/nubiacantu/.vscode-server/bin/b3e4e68a0bc097f0ae7907b217c1119af9e03435/out/vs/workbench/api/node/extensionHostProcess.js:63:145)
    at h.deliver (/home/nubiacantu/.vscode-server/bin/b3e4e68a0bc097f0ae7907b217c1119af9e03435/out/vs/workbench/api/node/extensionHostProcess.js:63:2121)
    at i.fire (/home/nubiacantu/.vscode-server/bin/b3e4e68a0bc097f0ae7907b217c1119af9e03435/out/vs/workbench/api/node/extensionHostProcess.js:63:1729)
    at y.u (/home/nubiacantu/.vscode-server/bin/b3e4e68a0bc097f0ae7907b217c1119af9e03435/out/vs/workbench/api/node/extensionHostProcess.js:127:20039)
    at y.acceptFrame (/home/nubiacantu/.vscode-server/bin/b3e4e68a0bc097f0ae7907b217c1119af9e03435/out/vs/workbench/api/node/extensionHostProcess.js:127:19845)
    at h.l (/home/nubiacantu/.vscode-server/bin/b3e4e68a0bc097f0ae7907b217c1119af9e03435/out/vs/workbench/api/node/extensionHostProcess.js:127:18438)
    at /home/nubiacantu/.vscode-server/bin/b3e4e68a0bc097f0ae7907b217c1119af9e03435/out/vs/workbench/api/node/extensionHostProcess.js:127:15775
    at Socket.n (/home/nubiacantu/.vscode-server/bin/b3e4e68a0bc097f0ae7907b217c1119af9e03435/out/vs/workbench/api/node/extensionHostProcess.js:127:13609)
    at Socket.emit (node:events:513:28)
    at addChunk (node:internal/streams/readable:315:12)
    at readableAddChunk (node:internal/streams/readable:289:9)
    at Socket.Readable.push (node:internal/streams/readable:228:10)
    at TCP.onStreamRead (node:internal/stream_base_commons:190:23)
2023-05-15 23:18:27.072 [error] An error occurred when deactivating the subscriptions for extension 'MehediDracula.php-namespace-resolver':
2023-05-15 23:18:27.074 [error] TypeError: u.dispose is not a function
    at P (/home/nubiacantu/.vscode-server/bin/b3e4e68a0bc097f0ae7907b217c1119af9e03435/out/vs/workbench/api/node/extensionHostProcess.js:10:12080)
    at v.Y (/home/nubiacantu/.vscode-server/bin/b3e4e68a0bc097f0ae7907b217c1119af9e03435/out/vs/workbench/api/node/extensionHostProcess.js:113:11173)
    at /home/nubiacantu/.vscode-server/bin/b3e4e68a0bc097f0ae7907b217c1119af9e03435/out/vs/workbench/api/node/extensionHostProcess.js:113:9157
    at Array.map (<anonymous>)
    at v.R (/home/nubiacantu/.vscode-server/bin/b3e4e68a0bc097f0ae7907b217c1119af9e03435/out/vs/workbench/api/node/extensionHostProcess.js:113:9144)
    at v.terminate (/home/nubiacantu/.vscode-server/bin/b3e4e68a0bc097f0ae7907b217c1119af9e03435/out/vs/workbench/api/node/extensionHostProcess.js:113:9415)
    at d.terminate (/home/nubiacantu/.vscode-server/bin/b3e4e68a0bc097f0ae7907b217c1119af9e03435/out/vs/workbench/api/node/extensionHostProcess.js:117:1544)
    at g (/home/nubiacantu/.vscode-server/bin/b3e4e68a0bc097f0ae7907b217c1119af9e03435/out/vs/workbench/api/node/extensionHostProcess.js:127:34439)
    at /home/nubiacantu/.vscode-server/bin/b3e4e68a0bc097f0ae7907b217c1119af9e03435/out/vs/workbench/api/node/extensionHostProcess.js:127:32349
    at v.invoke (/home/nubiacantu/.vscode-server/bin/b3e4e68a0bc097f0ae7907b217c1119af9e03435/out/vs/workbench/api/node/extensionHostProcess.js:63:145)
    at h.deliver (/home/nubiacantu/.vscode-server/bin/b3e4e68a0bc097f0ae7907b217c1119af9e03435/out/vs/workbench/api/node/extensionHostProcess.js:63:2121)
    at i.fire (/home/nubiacantu/.vscode-server/bin/b3e4e68a0bc097f0ae7907b217c1119af9e03435/out/vs/workbench/api/node/extensionHostProcess.js:63:1729)
    at g.fire (/home/nubiacantu/.vscode-server/bin/b3e4e68a0bc097f0ae7907b217c1119af9e03435/out/vs/workbench/api/node/extensionHostProcess.js:72:14852)
    at u.E (/home/nubiacantu/.vscode-server/bin/b3e4e68a0bc097f0ae7907b217c1119af9e03435/out/vs/workbench/api/node/extensionHostProcess.js:72:18899)
    at /home/nubiacantu/.vscode-server/bin/b3e4e68a0bc097f0ae7907b217c1119af9e03435/out/vs/workbench/api/node/extensionHostProcess.js:72:18078
    at v.invoke (/home/nubiacantu/.vscode-server/bin/b3e4e68a0bc097f0ae7907b217c1119af9e03435/out/vs/workbench/api/node/extensionHostProcess.js:63:145)
    at h.deliver (/home/nubiacantu/.vscode-server/bin/b3e4e68a0bc097f0ae7907b217c1119af9e03435/out/vs/workbench/api/node/extensionHostProcess.js:63:2121)
    at i.fire (/home/nubiacantu/.vscode-server/bin/b3e4e68a0bc097f0ae7907b217c1119af9e03435/out/vs/workbench/api/node/extensionHostProcess.js:63:1729)
    at d.acceptChunk (/home/nubiacantu/.vscode-server/bin/b3e4e68a0bc097f0ae7907b217c1119af9e03435/out/vs/workbench/api/node/extensionHostProcess.js:72:12583)
    at /home/nubiacantu/.vscode-server/bin/b3e4e68a0bc097f0ae7907b217c1119af9e03435/out/vs/workbench/api/node/extensionHostProcess.js:72:11870
    at v.invoke (/home/nubiacantu/.vscode-server/bin/b3e4e68a0bc097f0ae7907b217c1119af9e03435/out/vs/workbench/api/node/extensionHostProcess.js:63:145)
    at h.deliver (/home/nubiacantu/.vscode-server/bin/b3e4e68a0bc097f0ae7907b217c1119af9e03435/out/vs/workbench/api/node/extensionHostProcess.js:63:2121)
    at i.fire (/home/nubiacantu/.vscode-server/bin/b3e4e68a0bc097f0ae7907b217c1119af9e03435/out/vs/workbench/api/node/extensionHostProcess.js:63:1729)
    at y.u (/home/nubiacantu/.vscode-server/bin/b3e4e68a0bc097f0ae7907b217c1119af9e03435/out/vs/workbench/api/node/extensionHostProcess.js:127:20039)
    at y.acceptFrame (/home/nubiacantu/.vscode-server/bin/b3e4e68a0bc097f0ae7907b217c1119af9e03435/out/vs/workbench/api/node/extensionHostProcess.js:127:19845)
    at h.l (/home/nubiacantu/.vscode-server/bin/b3e4e68a0bc097f0ae7907b217c1119af9e03435/out/vs/workbench/api/node/extensionHostProcess.js:127:18438)
    at /home/nubiacantu/.vscode-server/bin/b3e4e68a0bc097f0ae7907b217c1119af9e03435/out/vs/workbench/api/node/extensionHostProcess.js:127:15775
    at Socket.n (/home/nubiacantu/.vscode-server/bin/b3e4e68a0bc097f0ae7907b217c1119af9e03435/out/vs/workbench/api/node/extensionHostProcess.js:127:13609)
    at Socket.emit (node:events:513:28)
    at addChunk (node:internal/streams/readable:315:12)
    at readableAddChunk (node:internal/streams/readable:289:9)
    at Socket.Readable.push (node:internal/streams/readable:228:10)
    at TCP.onStreamRead (node:internal/stream_base_commons:190:23)
2023-05-15 23:18:27.434 [info] Extension host with pid 2622 exiting with code 0
