[Info  - 8:31:29 AM] Initialising intelephense 1.9.5
[Info  - 8:31:30 AM] Reading state from /home/nubiacantu/.vscode-server/data/User/workspaceStorage/fc855bcc167722ae6fbd86fe37cce3dc/bmewburn.vscode-intelephense-client/21495f5b.
[Info  - 8:31:37 AM] Initialised in 7403 ms
[Info  - 8:31:37 AM] Searching file:///home/nubiacantu/.vscode-server/extensions/bmewburn.vscode-intelephense-client-1.9.5/node_modules/intelephense/lib/stub for files to index.
[Info  - 8:31:37 AM] Searching file:///home/nubiacantu/practica1 for files to index.
[Warn  - 8:31:39 AM] file:///home/nubiacantu/practica1/vendor/fakerphp/faker/src/Faker/Provider/nl_BE/Text.php is over the maximum file size of 1000000 bytes.
[Info  - 8:31:39 AM] Indexing started.
[Info  - 8:31:40 AM] Indexing ended. 8 files indexed in 0s.
[Info  - 8:31:40 AM] Writing state to /home/nubiacantu/.vscode-server/data/User/workspaceStorage/fc855bcc167722ae6fbd86fe37cce3dc/bmewburn.vscode-intelephense-client/21495f5b.
[Info  - 8:31:50 AM] Wrote state in 10.8s.
[Info  - 8:32:05 AM] Indexing started.
[Info  - 8:32:06 AM] Indexing ended. 1 files indexed in 0s.
[Info  - 8:32:27 AM] Indexing started.
[Info  - 8:32:27 AM] Indexing ended. 1 files indexed in 0s.
[Info  - 8:33:04 AM] Indexing started.
[Info  - 8:33:05 AM] Indexing ended. 1 files indexed in 0s.
[Info  - 8:33:07 AM] Indexing started.
[Info  - 8:33:07 AM] Indexing ended. 1 files indexed in 0s.
[Info  - 8:33:30 AM] Indexing started.
[Info  - 8:33:30 AM] Indexing ended. 1 files indexed in 0s.
[Info  - 8:33:39 AM] Indexing started.
[Info  - 8:33:39 AM] Indexing ended. 1 files indexed in 0s.
[Info  - 8:33:41 AM] Indexing started.
[Info  - 8:33:42 AM] Indexing ended. 1 files indexed in 0s.
[Info  - 8:34:15 AM] Indexing started.
[Info  - 8:34:15 AM] Indexing ended. 1 files indexed in 0s.
[Info  - 8:34:18 AM] Indexing started.
[Info  - 8:34:18 AM] Indexing ended. 1 files indexed in 0s.
[Info  - 8:35:49 AM] Indexing started.
[Info  - 8:35:49 AM] Indexing ended. 1 files indexed in 0s.
[Info  - 8:36:10 AM] Indexing started.
[Info  - 8:36:10 AM] Indexing ended. 1 files indexed in 0s.
[Info  - 8:36:32 AM] Indexing started.
[Info  - 8:36:32 AM] Indexing ended. 1 files indexed in 0s.
[Info  - 8:36:35 AM] Indexing started.
[Info  - 8:36:35 AM] Indexing ended. 1 files indexed in 0s.
[Info  - 8:37:06 AM] Indexing started.
[Info  - 8:37:07 AM] Indexing ended. 1 files indexed in 0s.
[Info  - 8:44:29 AM] Indexing started.
[Info  - 8:44:29 AM] Indexing ended. 1 files indexed in 0s.
[Info  - 9:02:37 AM] Indexing started.
[Info  - 9:02:37 AM] Indexing ended. 1 files indexed in 0s.
[Info  - 9:02:44 AM] Indexing started.
[Info  - 9:02:44 AM] Indexing ended. 2 files indexed in 0s.
[Info  - 9:06:28 AM] Indexing started.
[Info  - 9:06:29 AM] Indexing ended. 1 files indexed in 0s.
[Info  - 9:06:38 AM] Indexing started.
[Info  - 9:06:38 AM] Indexing ended. 1 files indexed in 0s.
[Info  - 9:06:41 AM] Indexing started.
[Info  - 9:06:41 AM] Indexing ended. 1 files indexed in 0s.
[Info  - 9:09:23 AM] Indexing started.
[Info  - 9:09:23 AM] Indexing ended. 1 files indexed in 0s.
[Info  - 9:09:32 AM] Indexing started.
[Info  - 9:09:33 AM] Indexing ended. 1 files indexed in 0s.
[Info  - 9:09:51 AM] Indexing started.
[Info  - 9:09:51 AM] Indexing ended. 1 files indexed in 0s.
[Info  - 9:09:55 AM] Indexing started.
[Info  - 9:09:55 AM] Indexing ended. 1 files indexed in 0s.
[Info  - 9:09:57 AM] Indexing started.
[Info  - 9:09:58 AM] Indexing ended. 2 files indexed in 0s.
[Info  - 9:10:05 AM] Indexing started.
[Info  - 9:10:05 AM] Indexing ended. 1 files indexed in 0s.
[Info  - 9:14:58 AM] Indexing started.
[Info  - 9:14:59 AM] Indexing ended. 1 files indexed in 0s.
[Info  - 9:15:34 AM] Indexing started.
[Info  - 9:15:34 AM] Indexing ended. 1 files indexed in 0s.
[Info  - 9:15:47 AM] Indexing started.
[Info  - 9:15:47 AM] Indexing ended. 1 files indexed in 0s.
[Info  - 9:15:50 AM] Indexing started.
[Info  - 9:15:50 AM] Indexing ended. 1 files indexed in 0s.
[Info  - 9:16:21 AM] Indexing started.
[Info  - 9:16:22 AM] Indexing ended. 1 files indexed in 0s.
[Info  - 9:17:34 AM] Indexing started.
[Info  - 9:17:35 AM] Indexing ended. 1 files indexed in 0s.
[Info  - 9:17:39 AM] Indexing started.
[Info  - 9:17:39 AM] Indexing ended. 1 files indexed in 0s.
[Info  - 9:18:37 AM] Indexing started.
[Info  - 9:18:37 AM] Indexing ended. 1 files indexed in 0s.
[Info  - 9:18:41 AM] Indexing started.
[Info  - 9:18:41 AM] Indexing ended. 1 files indexed in 0s.
[Info  - 9:21:40 AM] Indexing started.
[Info  - 9:21:40 AM] Indexing ended. 1 files indexed in 0s.
[Info  - 9:21:43 AM] Indexing started.
[Info  - 9:21:43 AM] Indexing ended. 1 files indexed in 0s.
[Info  - 9:21:57 AM] Indexing started.
[Info  - 9:21:58 AM] Indexing ended. 1 files indexed in 0s.
[Info  - 9:22:04 AM] Indexing started.
[Info  - 9:22:04 AM] Indexing ended. 1 files indexed in 0s.
[Info  - 9:22:58 AM] Indexing started.
[Info  - 9:22:58 AM] Indexing ended. 2 files indexed in 0s.
[Info  - 9:23:01 AM] Indexing started.
[Info  - 9:23:01 AM] Indexing ended. 1 files indexed in 0s.
[Info  - 9:24:33 AM] Indexing started.
[Info  - 9:24:33 AM] Indexing ended. 1 files indexed in 0s.
[Info  - 9:24:34 AM] Indexing started.
[Info  - 9:24:34 AM] Indexing ended. 1 files indexed in 0s.
[Info  - 9:24:37 AM] Indexing started.
[Info  - 9:24:38 AM] Indexing ended. 1 files indexed in 0s.
[Info  - 9:24:45 AM] Indexing started.
[Info  - 9:24:45 AM] Indexing ended. 1 files indexed in 0s.
[Info  - 9:24:45 AM] Indexing started.
[Info  - 9:24:45 AM] Indexing ended. 1 files indexed in 0s.
[Info  - 9:24:54 AM] Indexing started.
[Info  - 9:24:54 AM] Indexing ended. 1 files indexed in 0s.
[Info  - 9:24:55 AM] Indexing started.
[Info  - 9:24:55 AM] Indexing ended. 1 files indexed in 0s.
[Info  - 9:24:58 AM] Indexing started.
[Info  - 9:24:58 AM] Indexing ended. 1 files indexed in 0s.
[Info  - 9:25:27 AM] Indexing started.
[Info  - 9:25:27 AM] Indexing ended. 1 files indexed in 0s.
[Info  - 9:25:27 AM] Indexing started.
[Info  - 9:25:27 AM] Indexing ended. 1 files indexed in 0s.
[Info  - 9:25:34 AM] Indexing started.
[Info  - 9:25:35 AM] Indexing ended. 1 files indexed in 0s.
[Info  - 9:25:35 AM] Indexing started.
[Info  - 9:25:35 AM] Indexing ended. 1 files indexed in 0s.
[Info  - 9:25:36 AM] Indexing started.
[Info  - 9:25:36 AM] Indexing ended. 1 files indexed in 0s.
[Info  - 9:25:38 AM] Indexing started.
[Info  - 9:25:38 AM] Indexing ended. 1 files indexed in 0s.
[Info  - 9:36:56 AM] Indexing started.
[Info  - 9:36:56 AM] Indexing ended. 1 files indexed in 0s.
[Info  - 9:36:56 AM] Indexing started.
[Info  - 9:36:56 AM] Indexing ended. 1 files indexed in 0s.
[Info  - 9:37:55 AM] Indexing started.
[Info  - 9:37:55 AM] Indexing ended. 2 files indexed in 0s.
[Info  - 9:39:03 AM] Indexing started.
[Info  - 9:39:03 AM] Indexing ended. 2 files indexed in 0s.
[Info  - 9:39:54 AM] Indexing started.
[Info  - 9:39:54 AM] Indexing ended. 1 files indexed in 0s.
[Info  - 9:39:54 AM] Indexing started.
[Info  - 9:39:55 AM] Indexing ended. 1 files indexed in 0s.
[Info  - 9:40:23 AM] Indexing started.
[Info  - 9:40:23 AM] Indexing ended. 1 files indexed in 0s.
[Info  - 9:40:23 AM] Indexing started.
[Info  - 9:40:23 AM] Indexing ended. 2 files indexed in 0s.
[Info  - 9:40:23 AM] Indexing started.
[Info  - 9:40:24 AM] Indexing ended. 3 files indexed in 0s.
[Info  - 9:40:24 AM] Indexing started.
[Info  - 9:40:24 AM] Indexing ended. 1 files indexed in 0s.
[Info  - 9:40:35 AM] Indexing started.
[Info  - 9:40:35 AM] Indexing ended. 1 files indexed in 0s.
[Info  - 9:40:36 AM] Indexing started.
[Info  - 9:40:36 AM] Indexing ended. 1 files indexed in 0s.
[Info  - 9:40:45 AM] Indexing started.
[Info  - 9:40:45 AM] Indexing ended. 1 files indexed in 0s.
[Info  - 9:55:40 AM] Indexing started.
[Info  - 9:55:41 AM] Indexing ended. 1 files indexed in 0s.
[Info  - 9:55:47 AM] Indexing started.
[Info  - 9:55:47 AM] Indexing ended. 1 files indexed in 0s.
[Info  - 9:57:28 AM] Indexing started.
[Info  - 9:57:28 AM] Indexing ended. 1 files indexed in 0s.
[Info  - 9:57:36 AM] Indexing started.
[Info  - 9:57:36 AM] Indexing ended. 1 files indexed in 0s.
[Info  - 9:57:36 AM] Indexing started.
[Info  - 9:57:36 AM] Indexing ended. 1 files indexed in 0s.
