[Info  - 12:09:46 AM] Initialising intelephense 1.9.5
[Info  - 12:09:46 AM] Reading state from /home/nubiacantu/.vscode-server/data/User/workspaceStorage/fc855bcc167722ae6fbd86fe37cce3dc/bmewburn.vscode-intelephense-client/21495f5b.
[Info  - 12:09:55 AM] Initialised in 9607 ms
[Info  - 12:09:56 AM] Searching file:///home/nubiacantu/.vscode-server/extensions/bmewburn.vscode-intelephense-client-1.9.5/node_modules/intelephense/lib/stub for files to index.
[Info  - 12:09:58 AM] Searching file:///home/nubiacantu/practica1 for files to index.
[Warn  - 12:10:02 AM] file:///home/nubiacantu/practica1/vendor/fakerphp/faker/src/Faker/Provider/nl_BE/Text.php is over the maximum file size of 1000000 bytes.
[Info  - 12:10:02 AM] Indexing started.
[Info  - 12:10:02 AM] Indexing ended. 12 files indexed in 0s.
[Info  - 12:10:02 AM] Writing state to /home/nubiacantu/.vscode-server/data/User/workspaceStorage/fc855bcc167722ae6fbd86fe37cce3dc/bmewburn.vscode-intelephense-client/21495f5b.
[Info  - 12:10:10 AM] Wrote state in 7.9s.
[Info  - 12:13:25 AM] Indexing started.
[Info  - 12:13:25 AM] Indexing ended. 1 files indexed in 0s.
[Info  - 12:13:52 AM] Indexing started.
[Info  - 12:13:52 AM] Indexing ended. 1 files indexed in 0s.
[Info  - 12:13:52 AM] Indexing started.
[Info  - 12:13:53 AM] Indexing ended. 1 files indexed in 0s.
[Info  - 12:14:02 AM] Indexing started.
[Info  - 12:14:02 AM] Indexing ended. 1 files indexed in 0s.
[Info  - 12:14:42 AM] Indexing started.
[Info  - 12:14:42 AM] Indexing ended. 1 files indexed in 0s.
[Info  - 12:14:45 AM] Indexing started.
[Info  - 12:14:45 AM] Indexing ended. 1 files indexed in 0s.
[Info  - 12:15:31 AM] Indexing started.
[Info  - 12:15:31 AM] Indexing ended. 1 files indexed in 0s.
[Info  - 12:15:35 AM] Indexing started.
[Info  - 12:15:35 AM] Indexing ended. 1 files indexed in 0s.
[Info  - 12:17:58 AM] Indexing started.
[Info  - 12:17:58 AM] Indexing ended. 1 files indexed in 0s.
[Info  - 12:19:07 AM] Indexing started.
[Info  - 12:19:07 AM] Indexing ended. 1 files indexed in 0s.
[Info  - 12:19:09 AM] Indexing started.
[Info  - 12:19:09 AM] Indexing ended. 1 files indexed in 0s.
[Info  - 12:19:12 AM] Indexing started.
[Info  - 12:19:12 AM] Indexing ended. 1 files indexed in 0s.
[Info  - 12:20:25 AM] Indexing started.
[Info  - 12:20:26 AM] Indexing ended. 1 files indexed in 0s.
[Info  - 12:20:29 AM] Indexing started.
[Info  - 12:20:29 AM] Indexing ended. 1 files indexed in 0s.
[Info  - 12:20:47 AM] Indexing started.
[Info  - 12:20:47 AM] Indexing ended. 1 files indexed in 0s.
[Info  - 12:20:49 AM] Indexing started.
[Info  - 12:20:49 AM] Indexing ended. 1 files indexed in 0s.
[Info  - 12:20:52 AM] Indexing started.
[Info  - 12:20:53 AM] Indexing ended. 1 files indexed in 0s.
[Info  - 12:21:08 AM] Indexing started.
[Info  - 12:21:08 AM] Indexing ended. 1 files indexed in 0s.
[Info  - 12:21:11 AM] Indexing started.
[Info  - 12:21:12 AM] Indexing ended. 1 files indexed in 0s.
[Info  - 12:21:20 AM] Indexing started.
[Info  - 12:21:20 AM] Indexing ended. 1 files indexed in 0s.
[Info  - 12:21:24 AM] Indexing started.
[Info  - 12:21:24 AM] Indexing ended. 1 files indexed in 0s.
[Info  - 12:21:39 AM] Indexing started.
[Info  - 12:21:39 AM] Indexing ended. 1 files indexed in 0s.
[Info  - 12:21:42 AM] Indexing started.
[Info  - 12:21:42 AM] Indexing ended. 1 files indexed in 0s.
[Info  - 12:23:47 AM] Indexing started.
[Info  - 12:23:47 AM] Indexing ended. 1 files indexed in 0s.
[Info  - 12:23:48 AM] Indexing started.
[Info  - 12:23:48 AM] Indexing ended. 1 files indexed in 0s.
[Info  - 12:23:51 AM] Indexing started.
[Info  - 12:23:51 AM] Indexing ended. 1 files indexed in 0s.
[Info  - 12:24:29 AM] Indexing started.
[Info  - 12:24:30 AM] Indexing ended. 1 files indexed in 0s.
[Info  - 12:24:35 AM] Indexing started.
[Info  - 12:24:35 AM] Indexing ended. 1 files indexed in 0s.
[Info  - 12:24:40 AM] Indexing started.
[Info  - 12:24:41 AM] Indexing ended. 1 files indexed in 0s.
[Info  - 12:25:07 AM] Indexing started.
[Info  - 12:25:07 AM] Indexing ended. 1 files indexed in 0s.
[Info  - 12:25:10 AM] Indexing started.
[Info  - 12:25:10 AM] Indexing ended. 1 files indexed in 0s.
[Info  - 12:25:19 AM] Indexing started.
[Info  - 12:25:19 AM] Indexing ended. 1 files indexed in 0s.
[Info  - 12:25:19 AM] Indexing started.
[Info  - 12:25:20 AM] Indexing ended. 1 files indexed in 0s.
[Info  - 12:25:52 AM] Indexing started.
[Info  - 12:25:52 AM] Indexing ended. 1 files indexed in 0s.
[Info  - 12:26:10 AM] Indexing started.
[Info  - 12:26:10 AM] Indexing ended. 1 files indexed in 0s.
[Info  - 12:26:32 AM] Indexing started.
[Info  - 12:26:32 AM] Indexing ended. 1 files indexed in 0s.
[Info  - 12:26:34 AM] Indexing started.
[Info  - 12:26:34 AM] Indexing ended. 1 files indexed in 0s.
[Info  - 12:27:24 AM] Indexing started.
[Info  - 12:27:24 AM] Indexing ended. 1 files indexed in 0s.
[Info  - 12:27:31 AM] Indexing started.
[Info  - 12:27:31 AM] Indexing ended. 1 files indexed in 0s.
[Info  - 12:34:40 AM] Indexing started.
[Info  - 12:34:40 AM] Indexing ended. 1 files indexed in 0s.
[Info  - 12:34:43 AM] Indexing started.
[Info  - 12:34:43 AM] Indexing ended. 1 files indexed in 0s.
[Info  - 12:35:03 AM] Indexing started.
[Info  - 12:35:04 AM] Indexing ended. 1 files indexed in 0s.
[Info  - 12:35:06 AM] Indexing started.
[Info  - 12:35:07 AM] Indexing ended. 1 files indexed in 0s.
[Info  - 12:35:23 AM] Indexing started.
[Info  - 12:35:23 AM] Indexing ended. 1 files indexed in 0s.
[Info  - 12:35:27 AM] Indexing started.
[Info  - 12:35:27 AM] Indexing ended. 1 files indexed in 0s.
[Info  - 12:36:54 AM] Indexing started.
[Info  - 12:36:54 AM] Indexing ended. 1 files indexed in 0s.
[Info  - 12:36:59 AM] Indexing started.
[Info  - 12:36:59 AM] Indexing ended. 1 files indexed in 0s.
[Info  - 12:37:03 AM] Indexing started.
[Info  - 12:37:03 AM] Indexing ended. 1 files indexed in 0s.
[Info  - 12:37:33 AM] Indexing started.
[Info  - 12:37:33 AM] Indexing ended. 1 files indexed in 0s.
[Info  - 12:37:47 AM] Indexing started.
[Info  - 12:37:48 AM] Indexing ended. 1 files indexed in 0s.
[Info  - 12:37:52 AM] Indexing started.
[Info  - 12:37:52 AM] Indexing ended. 1 files indexed in 0s.
[Info  - 12:38:23 AM] Indexing started.
[Info  - 12:38:24 AM] Indexing ended. 1 files indexed in 0s.
[Info  - 12:38:26 AM] Indexing started.
[Info  - 12:38:26 AM] Indexing ended. 1 files indexed in 0s.
[Info  - 12:38:41 AM] Indexing started.
[Info  - 12:38:42 AM] Indexing ended. 1 files indexed in 0s.
[Info  - 12:38:44 AM] Indexing started.
[Info  - 12:38:44 AM] Indexing ended. 1 files indexed in 0s.
[Info  - 12:39:17 AM] Indexing started.
[Info  - 12:39:17 AM] Indexing ended. 1 files indexed in 0s.
[Info  - 12:39:20 AM] Indexing started.
[Info  - 12:39:21 AM] Indexing ended. 1 files indexed in 0s.
[Info  - 12:40:22 AM] Indexing started.
[Info  - 12:40:22 AM] Indexing ended. 1 files indexed in 0s.
[Info  - 12:40:33 AM] Indexing started.
[Info  - 12:40:33 AM] Indexing ended. 1 files indexed in 0s.
[Info  - 12:41:00 AM] Indexing started.
[Info  - 12:41:00 AM] Indexing ended. 1 files indexed in 0s.
[Info  - 12:41:04 AM] Indexing started.
[Info  - 12:41:04 AM] Indexing ended. 1 files indexed in 0s.
[Info  - 12:41:27 AM] Indexing started.
[Info  - 12:41:28 AM] Indexing ended. 1 files indexed in 0s.
[Info  - 12:41:32 AM] Indexing started.
[Info  - 12:41:32 AM] Indexing ended. 1 files indexed in 0s.
[Info  - 12:41:53 AM] Indexing started.
[Info  - 12:41:53 AM] Indexing ended. 1 files indexed in 0s.
[Info  - 12:42:04 AM] Indexing started.
[Info  - 12:42:04 AM] Indexing ended. 1 files indexed in 0s.
[Info  - 12:42:21 AM] Indexing started.
[Info  - 12:42:21 AM] Indexing ended. 1 files indexed in 0s.
[Info  - 12:42:29 AM] Indexing started.
[Info  - 12:42:30 AM] Indexing ended. 1 files indexed in 0s.
[Info  - 12:42:45 AM] Indexing started.
[Info  - 12:42:45 AM] Indexing ended. 1 files indexed in 0s.
[Info  - 12:42:50 AM] Indexing started.
[Info  - 12:42:51 AM] Indexing ended. 1 files indexed in 0s.
[Info  - 12:43:01 AM] Indexing started.
[Info  - 12:43:01 AM] Indexing ended. 1 files indexed in 0s.
[Info  - 12:43:40 AM] Indexing started.
[Info  - 12:43:40 AM] Indexing ended. 1 files indexed in 0s.
[Info  - 12:43:45 AM] Indexing started.
[Info  - 12:43:45 AM] Indexing ended. 1 files indexed in 0s.
[Info  - 12:44:05 AM] Indexing started.
[Info  - 12:44:05 AM] Indexing ended. 1 files indexed in 0s.
[Info  - 12:44:08 AM] Indexing started.
[Info  - 12:44:08 AM] Indexing ended. 1 files indexed in 0s.
[Info  - 12:44:11 AM] Indexing started.
[Info  - 12:44:11 AM] Indexing ended. 1 files indexed in 0s.
[Info  - 12:44:24 AM] Indexing started.
[Info  - 12:44:24 AM] Indexing ended. 1 files indexed in 0s.
[Info  - 12:44:25 AM] Indexing started.
[Info  - 12:44:25 AM] Indexing ended. 1 files indexed in 0s.
[Info  - 12:44:29 AM] Indexing started.
[Info  - 12:44:29 AM] Indexing ended. 1 files indexed in 0s.
[Info  - 12:44:52 AM] Indexing started.
[Info  - 12:44:52 AM] Indexing ended. 1 files indexed in 0s.
[Info  - 12:44:58 AM] Indexing started.
[Info  - 12:44:58 AM] Indexing ended. 1 files indexed in 0s.
[Info  - 12:45:10 AM] Indexing started.
[Info  - 12:45:10 AM] Indexing ended. 1 files indexed in 0s.
[Info  - 12:45:14 AM] Indexing started.
[Info  - 12:45:14 AM] Indexing ended. 1 files indexed in 0s.
[Info  - 12:45:26 AM] Indexing started.
[Info  - 12:45:26 AM] Indexing ended. 1 files indexed in 0s.
[Info  - 12:46:02 AM] Indexing started.
[Info  - 12:46:02 AM] Indexing ended. 1 files indexed in 0s.
[Info  - 12:46:07 AM] Indexing started.
[Info  - 12:46:08 AM] Indexing ended. 1 files indexed in 0s.
[Info  - 12:49:19 AM] Indexing started.
[Info  - 12:49:19 AM] Indexing ended. 1 files indexed in 0s.
[Info  - 12:49:25 AM] Indexing started.
[Info  - 12:49:26 AM] Indexing ended. 1 files indexed in 0s.
[Info  - 12:49:32 AM] Indexing started.
[Info  - 12:49:33 AM] Indexing ended. 1 files indexed in 0s.
[Info  - 12:50:03 AM] Indexing started.
[Info  - 12:50:03 AM] Indexing ended. 1 files indexed in 0s.
[Info  - 12:50:06 AM] Indexing started.
[Info  - 12:50:06 AM] Indexing ended. 1 files indexed in 0s.
[Info  - 12:50:20 AM] Indexing started.
[Info  - 12:50:20 AM] Indexing ended. 1 files indexed in 0s.
[Info  - 12:50:22 AM] Indexing started.
[Info  - 12:50:22 AM] Indexing ended. 1 files indexed in 0s.
[Info  - 12:50:47 AM] Indexing started.
[Info  - 12:50:48 AM] Indexing ended. 1 files indexed in 0s.
[Info  - 12:50:52 AM] Indexing started.
[Info  - 12:50:52 AM] Indexing ended. 1 files indexed in 0s.
[Info  - 12:51:10 AM] Indexing started.
[Info  - 12:51:10 AM] Indexing ended. 1 files indexed in 0s.
[Info  - 12:51:13 AM] Indexing started.
[Info  - 12:51:13 AM] Indexing ended. 1 files indexed in 0s.
[Info  - 12:51:21 AM] Indexing started.
[Info  - 12:51:21 AM] Indexing ended. 1 files indexed in 0s.
[Info  - 12:51:23 AM] Indexing started.
[Info  - 12:51:23 AM] Indexing ended. 1 files indexed in 0s.
[Info  - 12:51:26 AM] Indexing started.
[Info  - 12:51:26 AM] Indexing ended. 1 files indexed in 0s.
[Info  - 12:51:35 AM] Indexing started.
[Info  - 12:51:35 AM] Indexing ended. 1 files indexed in 0s.
[Info  - 12:51:38 AM] Indexing started.
[Info  - 12:51:38 AM] Indexing ended. 1 files indexed in 0s.
[Info  - 12:51:47 AM] Indexing started.
[Info  - 12:51:47 AM] Indexing ended. 1 files indexed in 0s.
[Info  - 12:51:50 AM] Indexing started.
[Info  - 12:51:50 AM] Indexing ended. 1 files indexed in 0s.
[Info  - 12:53:02 AM] Indexing started.
[Info  - 12:53:02 AM] Indexing ended. 1 files indexed in 0s.
[Info  - 12:53:05 AM] Indexing started.
[Info  - 12:53:05 AM] Indexing ended. 1 files indexed in 0s.
[Info  - 12:54:22 AM] Indexing started.
[Info  - 12:54:23 AM] Indexing ended. 1 files indexed in 0s.
[Info  - 12:54:25 AM] Indexing started.
[Info  - 12:54:25 AM] Indexing ended. 1 files indexed in 0s.
[Info  - 12:55:44 AM] Indexing started.
[Info  - 12:55:44 AM] Indexing ended. 1 files indexed in 0s.
[Info  - 12:55:48 AM] Indexing started.
[Info  - 12:55:48 AM] Indexing ended. 1 files indexed in 0s.
[Info  - 12:55:50 AM] Indexing started.
[Info  - 12:55:51 AM] Indexing ended. 1 files indexed in 0s.
[Info  - 12:56:00 AM] Indexing started.
[Info  - 12:56:00 AM] Indexing ended. 1 files indexed in 0s.
[Info  - 12:56:04 AM] Indexing started.
[Info  - 12:56:04 AM] Indexing ended. 1 files indexed in 0s.
[Info  - 12:56:15 AM] Indexing started.
[Info  - 12:56:15 AM] Indexing ended. 1 files indexed in 0s.
[Info  - 12:56:18 AM] Indexing started.
[Info  - 12:56:18 AM] Indexing ended. 1 files indexed in 0s.
[Info  - 12:57:08 AM] Indexing started.
[Info  - 12:57:08 AM] Indexing ended. 1 files indexed in 0s.
[Info  - 12:57:11 AM] Indexing started.
[Info  - 12:57:11 AM] Indexing ended. 1 files indexed in 0s.
[Info  - 12:57:17 AM] Indexing started.
[Info  - 12:57:18 AM] Indexing ended. 1 files indexed in 0s.
[Info  - 12:57:21 AM] Indexing started.
[Info  - 12:57:21 AM] Indexing ended. 1 files indexed in 0s.
[Info  - 12:57:38 AM] Indexing started.
[Info  - 12:57:38 AM] Indexing ended. 1 files indexed in 0s.
[Info  - 12:57:43 AM] Indexing started.
[Info  - 12:57:43 AM] Indexing ended. 1 files indexed in 0s.
[Info  - 12:58:06 AM] Indexing started.
[Info  - 12:58:06 AM] Indexing ended. 1 files indexed in 0s.
