[Info  - 2:43:17 PM] Initialising intelephense 1.9.5
[Info  - 2:43:18 PM] Reading state from /home/nubiacantu/.vscode-server/data/User/workspaceStorage/fc855bcc167722ae6fbd86fe37cce3dc/bmewburn.vscode-intelephense-client/21495f5b.
[Info  - 2:43:29 PM] Initialised in 11978 ms
[Info  - 2:43:30 PM] Searching file:///home/nubiacantu/.vscode-server/extensions/bmewburn.vscode-intelephense-client-1.9.5/node_modules/intelephense/lib/stub for files to index.
[Info  - 2:43:31 PM] Searching file:///home/nubiacantu/practica1 for files to index.
[Warn  - 2:43:36 PM] file:///home/nubiacantu/practica1/vendor/fakerphp/faker/src/Faker/Provider/nl_BE/Text.php is over the maximum file size of 1000000 bytes.
[Info  - 2:43:36 PM] Indexing started.
[Info  - 2:43:36 PM] Indexing ended. 2 files indexed in 0s.
[Info  - 2:43:36 PM] Writing state to /home/nubiacantu/.vscode-server/data/User/workspaceStorage/fc855bcc167722ae6fbd86fe37cce3dc/bmewburn.vscode-intelephense-client/21495f5b.
[Info  - 2:43:43 PM] Wrote state in 7.1s.
[Info  - 3:07:37 PM] Indexing started.
[Info  - 3:07:38 PM] Indexing ended. 1 files indexed in 0s.
[Info  - 3:07:56 PM] Indexing started.
[Info  - 3:07:56 PM] Indexing ended. 1 files indexed in 0s.
[Info  - 3:07:57 PM] Indexing started.
[Info  - 3:07:57 PM] Indexing ended. 1 files indexed in 0s.
[Info  - 3:26:27 PM] Indexing started.
[Info  - 3:26:27 PM] Indexing ended. 2 files indexed in 0s.
[Info  - 3:27:02 PM] Indexing started.
[Info  - 3:27:02 PM] Indexing ended. 1 files indexed in 0s.
[Info  - 3:27:19 PM] Indexing started.
[Info  - 3:27:19 PM] Indexing ended. 2 files indexed in 0s.
[Info  - 3:27:33 PM] Indexing started.
[Info  - 3:27:33 PM] Indexing ended. 2 files indexed in 0s.
[Info  - 3:34:23 PM] Indexing started.
[Info  - 3:34:23 PM] Indexing ended. 1 files indexed in 0s.
Unable to load library intelephense-file:/home/nubiacantu/practica1/resources/views/tw-elements.ts at /home/nubiacantu/.vscode-server/extensions/bmewburn.vscode-intelephense-client-1.9.5/node_modules/intelephense/lib/intelephense-file:/home/nubiacantu/practica1/resources/views/tw-elements.ts
Unable to load library intelephense-file:/home/nubiacantu/practica1/resources/views/tw-elements.tsx at /home/nubiacantu/.vscode-server/extensions/bmewburn.vscode-intelephense-client-1.9.5/node_modules/intelephense/lib/intelephense-file:/home/nubiacantu/practica1/resources/views/tw-elements.tsx
Unable to load library intelephense-file:/home/nubiacantu/practica1/resources/views/tw-elements.d.ts at /home/nubiacantu/.vscode-server/extensions/bmewburn.vscode-intelephense-client-1.9.5/node_modules/intelephense/lib/intelephense-file:/home/nubiacantu/practica1/resources/views/tw-elements.d.ts
Unable to load library intelephense-file:/home/nubiacantu/practica1/resources/tw-elements.ts at /home/nubiacantu/.vscode-server/extensions/bmewburn.vscode-intelephense-client-1.9.5/node_modules/intelephense/lib/intelephense-file:/home/nubiacantu/practica1/resources/tw-elements.ts
Unable to load library intelephense-file:/home/nubiacantu/practica1/resources/tw-elements.tsx at /home/nubiacantu/.vscode-server/extensions/bmewburn.vscode-intelephense-client-1.9.5/node_modules/intelephense/lib/intelephense-file:/home/nubiacantu/practica1/resources/tw-elements.tsx
Unable to load library intelephense-file:/home/nubiacantu/practica1/resources/tw-elements.d.ts at /home/nubiacantu/.vscode-server/extensions/bmewburn.vscode-intelephense-client-1.9.5/node_modules/intelephense/lib/intelephense-file:/home/nubiacantu/practica1/resources/tw-elements.d.ts
Unable to load library intelephense-file:/home/nubiacantu/practica1/tw-elements.ts at /home/nubiacantu/.vscode-server/extensions/bmewburn.vscode-intelephense-client-1.9.5/node_modules/intelephense/lib/intelephense-file:/home/nubiacantu/practica1/tw-elements.ts
Unable to load library intelephense-file:/home/nubiacantu/practica1/tw-elements.tsx at /home/nubiacantu/.vscode-server/extensions/bmewburn.vscode-intelephense-client-1.9.5/node_modules/intelephense/lib/intelephense-file:/home/nubiacantu/practica1/tw-elements.tsx
Unable to load library intelephense-file:/home/nubiacantu/practica1/tw-elements.d.ts at /home/nubiacantu/.vscode-server/extensions/bmewburn.vscode-intelephense-client-1.9.5/node_modules/intelephense/lib/intelephense-file:/home/nubiacantu/practica1/tw-elements.d.ts
Unable to load library intelephense-file:/home/nubiacantu/tw-elements.ts at /home/nubiacantu/.vscode-server/extensions/bmewburn.vscode-intelephense-client-1.9.5/node_modules/intelephense/lib/intelephense-file:/home/nubiacantu/tw-elements.ts
Unable to load library intelephense-file:/home/nubiacantu/tw-elements.tsx at /home/nubiacantu/.vscode-server/extensions/bmewburn.vscode-intelephense-client-1.9.5/node_modules/intelephense/lib/intelephense-file:/home/nubiacantu/tw-elements.tsx
Unable to load library intelephense-file:/home/nubiacantu/tw-elements.d.ts at /home/nubiacantu/.vscode-server/extensions/bmewburn.vscode-intelephense-client-1.9.5/node_modules/intelephense/lib/intelephense-file:/home/nubiacantu/tw-elements.d.ts
Unable to load library intelephense-file:/home/tw-elements.ts at /home/nubiacantu/.vscode-server/extensions/bmewburn.vscode-intelephense-client-1.9.5/node_modules/intelephense/lib/intelephense-file:/home/tw-elements.ts
Unable to load library intelephense-file:/home/tw-elements.tsx at /home/nubiacantu/.vscode-server/extensions/bmewburn.vscode-intelephense-client-1.9.5/node_modules/intelephense/lib/intelephense-file:/home/tw-elements.tsx
Unable to load library intelephense-file:/home/tw-elements.d.ts at /home/nubiacantu/.vscode-server/extensions/bmewburn.vscode-intelephense-client-1.9.5/node_modules/intelephense/lib/intelephense-file:/home/tw-elements.d.ts
Unable to load library intelephense-file:/tw-elements.ts at /home/nubiacantu/.vscode-server/extensions/bmewburn.vscode-intelephense-client-1.9.5/node_modules/intelephense/lib/intelephense-file:/tw-elements.ts
Unable to load library intelephense-file:/tw-elements.tsx at /home/nubiacantu/.vscode-server/extensions/bmewburn.vscode-intelephense-client-1.9.5/node_modules/intelephense/lib/intelephense-file:/tw-elements.tsx
Unable to load library intelephense-file:/tw-elements.d.ts at /home/nubiacantu/.vscode-server/extensions/bmewburn.vscode-intelephense-client-1.9.5/node_modules/intelephense/lib/intelephense-file:/tw-elements.d.ts
Unable to load library tw-elements.ts at /home/nubiacantu/.vscode-server/extensions/bmewburn.vscode-intelephense-client-1.9.5/node_modules/intelephense/lib/tw-elements.ts
Unable to load library tw-elements.tsx at /home/nubiacantu/.vscode-server/extensions/bmewburn.vscode-intelephense-client-1.9.5/node_modules/intelephense/lib/tw-elements.tsx
Unable to load library tw-elements.d.ts at /home/nubiacantu/.vscode-server/extensions/bmewburn.vscode-intelephense-client-1.9.5/node_modules/intelephense/lib/tw-elements.d.ts
Unable to load library intelephense-file:/home/nubiacantu/practica1/resources/views/node_modules/@types/tw-elements/package.json at /home/nubiacantu/.vscode-server/extensions/bmewburn.vscode-intelephense-client-1.9.5/node_modules/intelephense/lib/intelephense-file:/home/nubiacantu/practica1/resources/views/node_modules/@types/tw-elements/package.json
Unable to load library intelephense-file:/home/nubiacantu/practica1/resources/views/node_modules/@types/tw-elements.d.ts at /home/nubiacantu/.vscode-server/extensions/bmewburn.vscode-intelephense-client-1.9.5/node_modules/intelephense/lib/intelephense-file:/home/nubiacantu/practica1/resources/views/node_modules/@types/tw-elements.d.ts
Unable to load library intelephense-file:/home/nubiacantu/practica1/resources/views/node_modules/@types/tw-elements/index.d.ts at /home/nubiacantu/.vscode-server/extensions/bmewburn.vscode-intelephense-client-1.9.5/node_modules/intelephense/lib/intelephense-file:/home/nubiacantu/practica1/resources/views/node_modules/@types/tw-elements/index.d.ts
Unable to load library intelephense-file:/home/nubiacantu/practica1/resources/node_modules/@types/tw-elements/package.json at /home/nubiacantu/.vscode-server/extensions/bmewburn.vscode-intelephense-client-1.9.5/node_modules/intelephense/lib/intelephense-file:/home/nubiacantu/practica1/resources/node_modules/@types/tw-elements/package.json
Unable to load library intelephense-file:/home/nubiacantu/practica1/resources/node_modules/@types/tw-elements.d.ts at /home/nubiacantu/.vscode-server/extensions/bmewburn.vscode-intelephense-client-1.9.5/node_modules/intelephense/lib/intelephense-file:/home/nubiacantu/practica1/resources/node_modules/@types/tw-elements.d.ts
Unable to load library intelephense-file:/home/nubiacantu/practica1/resources/node_modules/@types/tw-elements/index.d.ts at /home/nubiacantu/.vscode-server/extensions/bmewburn.vscode-intelephense-client-1.9.5/node_modules/intelephense/lib/intelephense-file:/home/nubiacantu/practica1/resources/node_modules/@types/tw-elements/index.d.ts
Unable to load library intelephense-file:/home/nubiacantu/practica1/node_modules/@types/tw-elements/package.json at /home/nubiacantu/.vscode-server/extensions/bmewburn.vscode-intelephense-client-1.9.5/node_modules/intelephense/lib/intelephense-file:/home/nubiacantu/practica1/node_modules/@types/tw-elements/package.json
Unable to load library intelephense-file:/home/nubiacantu/practica1/node_modules/@types/tw-elements.d.ts at /home/nubiacantu/.vscode-server/extensions/bmewburn.vscode-intelephense-client-1.9.5/node_modules/intelephense/lib/intelephense-file:/home/nubiacantu/practica1/node_modules/@types/tw-elements.d.ts
Unable to load library intelephense-file:/home/nubiacantu/practica1/node_modules/@types/tw-elements/index.d.ts at /home/nubiacantu/.vscode-server/extensions/bmewburn.vscode-intelephense-client-1.9.5/node_modules/intelephense/lib/intelephense-file:/home/nubiacantu/practica1/node_modules/@types/tw-elements/index.d.ts
Unable to load library intelephense-file:/home/nubiacantu/node_modules/@types/tw-elements/package.json at /home/nubiacantu/.vscode-server/extensions/bmewburn.vscode-intelephense-client-1.9.5/node_modules/intelephense/lib/intelephense-file:/home/nubiacantu/node_modules/@types/tw-elements/package.json
Unable to load library intelephense-file:/home/nubiacantu/node_modules/@types/tw-elements.d.ts at /home/nubiacantu/.vscode-server/extensions/bmewburn.vscode-intelephense-client-1.9.5/node_modules/intelephense/lib/intelephense-file:/home/nubiacantu/node_modules/@types/tw-elements.d.ts
Unable to load library intelephense-file:/home/nubiacantu/node_modules/@types/tw-elements/index.d.ts at /home/nubiacantu/.vscode-server/extensions/bmewburn.vscode-intelephense-client-1.9.5/node_modules/intelephense/lib/intelephense-file:/home/nubiacantu/node_modules/@types/tw-elements/index.d.ts
Unable to load library intelephense-file:/home/node_modules/@types/tw-elements/package.json at /home/nubiacantu/.vscode-server/extensions/bmewburn.vscode-intelephense-client-1.9.5/node_modules/intelephense/lib/intelephense-file:/home/node_modules/@types/tw-elements/package.json
Unable to load library intelephense-file:/home/node_modules/@types/tw-elements.d.ts at /home/nubiacantu/.vscode-server/extensions/bmewburn.vscode-intelephense-client-1.9.5/node_modules/intelephense/lib/intelephense-file:/home/node_modules/@types/tw-elements.d.ts
Unable to load library intelephense-file:/home/node_modules/@types/tw-elements/index.d.ts at /home/nubiacantu/.vscode-server/extensions/bmewburn.vscode-intelephense-client-1.9.5/node_modules/intelephense/lib/intelephense-file:/home/node_modules/@types/tw-elements/index.d.ts
Unable to load library intelephense-file:/node_modules/@types/tw-elements/package.json at /home/nubiacantu/.vscode-server/extensions/bmewburn.vscode-intelephense-client-1.9.5/node_modules/intelephense/lib/intelephense-file:/node_modules/@types/tw-elements/package.json
Unable to load library intelephense-file:/node_modules/@types/tw-elements.d.ts at /home/nubiacantu/.vscode-server/extensions/bmewburn.vscode-intelephense-client-1.9.5/node_modules/intelephense/lib/intelephense-file:/node_modules/@types/tw-elements.d.ts
Unable to load library intelephense-file:/node_modules/@types/tw-elements/index.d.ts at /home/nubiacantu/.vscode-server/extensions/bmewburn.vscode-intelephense-client-1.9.5/node_modules/intelephense/lib/intelephense-file:/node_modules/@types/tw-elements/index.d.ts
Unable to load library intelephense-file:/home/nubiacantu/practica1/resources/views/tw-elements.js at /home/nubiacantu/.vscode-server/extensions/bmewburn.vscode-intelephense-client-1.9.5/node_modules/intelephense/lib/intelephense-file:/home/nubiacantu/practica1/resources/views/tw-elements.js
Unable to load library intelephense-file:/home/nubiacantu/practica1/resources/views/tw-elements.jsx at /home/nubiacantu/.vscode-server/extensions/bmewburn.vscode-intelephense-client-1.9.5/node_modules/intelephense/lib/intelephense-file:/home/nubiacantu/practica1/resources/views/tw-elements.jsx
Unable to load library intelephense-file:/home/nubiacantu/practica1/resources/tw-elements.js at /home/nubiacantu/.vscode-server/extensions/bmewburn.vscode-intelephense-client-1.9.5/node_modules/intelephense/lib/intelephense-file:/home/nubiacantu/practica1/resources/tw-elements.js
Unable to load library intelephense-file:/home/nubiacantu/practica1/resources/tw-elements.jsx at /home/nubiacantu/.vscode-server/extensions/bmewburn.vscode-intelephense-client-1.9.5/node_modules/intelephense/lib/intelephense-file:/home/nubiacantu/practica1/resources/tw-elements.jsx
Unable to load library intelephense-file:/home/nubiacantu/practica1/tw-elements.js at /home/nubiacantu/.vscode-server/extensions/bmewburn.vscode-intelephense-client-1.9.5/node_modules/intelephense/lib/intelephense-file:/home/nubiacantu/practica1/tw-elements.js
Unable to load library intelephense-file:/home/nubiacantu/practica1/tw-elements.jsx at /home/nubiacantu/.vscode-server/extensions/bmewburn.vscode-intelephense-client-1.9.5/node_modules/intelephense/lib/intelephense-file:/home/nubiacantu/practica1/tw-elements.jsx
Unable to load library intelephense-file:/home/nubiacantu/tw-elements.js at /home/nubiacantu/.vscode-server/extensions/bmewburn.vscode-intelephense-client-1.9.5/node_modules/intelephense/lib/intelephense-file:/home/nubiacantu/tw-elements.js
Unable to load library intelephense-file:/home/nubiacantu/tw-elements.jsx at /home/nubiacantu/.vscode-server/extensions/bmewburn.vscode-intelephense-client-1.9.5/node_modules/intelephense/lib/intelephense-file:/home/nubiacantu/tw-elements.jsx
Unable to load library intelephense-file:/home/tw-elements.js at /home/nubiacantu/.vscode-server/extensions/bmewburn.vscode-intelephense-client-1.9.5/node_modules/intelephense/lib/intelephense-file:/home/tw-elements.js
Unable to load library intelephense-file:/home/tw-elements.jsx at /home/nubiacantu/.vscode-server/extensions/bmewburn.vscode-intelephense-client-1.9.5/node_modules/intelephense/lib/intelephense-file:/home/tw-elements.jsx
Unable to load library intelephense-file:/tw-elements.js at /home/nubiacantu/.vscode-server/extensions/bmewburn.vscode-intelephense-client-1.9.5/node_modules/intelephense/lib/intelephense-file:/tw-elements.js
Unable to load library intelephense-file:/tw-elements.jsx at /home/nubiacantu/.vscode-server/extensions/bmewburn.vscode-intelephense-client-1.9.5/node_modules/intelephense/lib/intelephense-file:/tw-elements.jsx
Unable to load library tw-elements.js at /home/nubiacantu/.vscode-server/extensions/bmewburn.vscode-intelephense-client-1.9.5/node_modules/intelephense/lib/tw-elements.js
Unable to load library tw-elements.jsx at /home/nubiacantu/.vscode-server/extensions/bmewburn.vscode-intelephense-client-1.9.5/node_modules/intelephense/lib/tw-elements.jsx
[Info  - 3:35:08 PM] Indexing started.
[Info  - 3:35:08 PM] Indexing ended. 1 files indexed in 0s.
[Info  - 3:35:23 PM] Indexing started.
[Info  - 3:35:23 PM] Indexing ended. 1 files indexed in 0s.
[Info  - 3:35:27 PM] Indexing started.
[Info  - 3:35:28 PM] Indexing ended. 1 files indexed in 0s.
[Info  - 3:46:53 PM] Indexing started.
[Info  - 3:46:53 PM] Indexing ended. 2 files indexed in 0s.
[Info  - 3:47:30 PM] Indexing started.
[Info  - 3:47:31 PM] Indexing ended. 2 files indexed in 0s.
[Info  - 3:47:39 PM] Indexing started.
[Info  - 3:47:39 PM] Indexing ended. 2 files indexed in 0s.
[Info  - 3:49:03 PM] Indexing started.
[Info  - 3:49:03 PM] Indexing ended. 1 files indexed in 0s.
[Info  - 3:49:09 PM] Indexing started.
[Info  - 3:49:09 PM] Indexing ended. 1 files indexed in 0s.
[Info  - 3:49:21 PM] Indexing started.
[Info  - 3:49:21 PM] Indexing ended. 1 files indexed in 0s.
[Info  - 3:49:32 PM] Indexing started.
[Info  - 3:49:32 PM] Indexing ended. 1 files indexed in 0s.
[Info  - 3:49:40 PM] Indexing started.
[Info  - 3:49:40 PM] Indexing ended. 1 files indexed in 0s.
[Info  - 3:49:40 PM] Indexing started.
[Info  - 3:49:40 PM] Indexing ended. 1 files indexed in 0s.
[Info  - 3:49:49 PM] Indexing started.
[Info  - 3:49:49 PM] Indexing ended. 1 files indexed in 0s.
[Info  - 3:49:49 PM] Indexing started.
[Info  - 3:49:49 PM] Indexing ended. 1 files indexed in 0s.
[Info  - 3:51:51 PM] Indexing started.
[Info  - 3:51:52 PM] Indexing ended. 1 files indexed in 0s.
[Info  - 3:52:33 PM] Indexing started.
[Info  - 3:52:34 PM] Indexing ended. 1 files indexed in 0s.
[Info  - 3:52:34 PM] Indexing started.
[Info  - 3:52:34 PM] Indexing ended. 1 files indexed in 0s.
[Info  - 3:53:28 PM] Indexing started.
[Info  - 3:53:28 PM] Indexing ended. 1 files indexed in 0s.
[Info  - 3:53:29 PM] Indexing started.
[Info  - 3:53:29 PM] Indexing ended. 1 files indexed in 0s.
[Info  - 3:53:48 PM] Indexing started.
[Info  - 3:53:49 PM] Indexing ended. 2 files indexed in 0s.
[Info  - 3:53:51 PM] Indexing started.
[Info  - 3:53:51 PM] Indexing ended. 1 files indexed in 0s.
[Info  - 3:54:54 PM] Indexing started.
[Info  - 3:54:54 PM] Indexing ended. 1 files indexed in 0s.
